mode: atomic
distributed-job-system/internal/logger/logger.go:20.33,22.51 2 5
distributed-job-system/internal/logger/logger.go:23.15,24.24 1 2
distributed-job-system/internal/logger/logger.go:25.25,26.23 1 1
distributed-job-system/internal/logger/logger.go:27.15,28.24 1 0
distributed-job-system/internal/logger/logger.go:29.10,30.23 1 2
distributed-job-system/internal/logger/logger.go:33.2,36.52 3 5
distributed-job-system/internal/logger/logger.go:37.14,38.49 1 2
distributed-job-system/internal/logger/logger.go:39.10,40.49 1 3
distributed-job-system/internal/logger/logger.go:43.2,44.22 2 5
distributed-job-system/internal/logger/logger.go:47.52,48.16 1 3
distributed-job-system/internal/logger/logger.go:48.16,50.3 1 0
distributed-job-system/internal/logger/logger.go:52.2,54.62 2 3
distributed-job-system/internal/logger/logger.go:54.62,56.3 1 1
distributed-job-system/internal/logger/logger.go:57.2,57.58 1 3
distributed-job-system/internal/logger/logger.go:57.58,59.3 1 1
distributed-job-system/internal/logger/logger.go:60.2,60.47 1 3
distributed-job-system/internal/logger/logger.go:60.47,62.3 1 1
distributed-job-system/internal/logger/logger.go:64.2,64.61 1 3
distributed-job-system/internal/logger/logger.go:64.61,66.3 1 0
distributed-job-system/internal/logger/logger.go:68.2,68.20 1 3
distributed-job-system/internal/logger/logger.go:68.20,70.3 1 2
distributed-job-system/internal/logger/logger.go:71.2,71.26 1 1
distributed-job-system/internal/logger/logger.go:74.68,76.2 1 3
distributed-job-system/internal/logger/logger.go:78.64,80.2 1 2
distributed-job-system/internal/logger/logger.go:82.64,84.2 1 2
distributed-job-system/internal/logger/logger.go:86.51,87.51 1 3
distributed-job-system/internal/logger/logger.go:87.51,89.3 1 2
distributed-job-system/internal/logger/logger.go:90.2,90.11 1 1
distributed-job-system/internal/logger/logger.go:93.47,94.47 1 2
distributed-job-system/internal/logger/logger.go:94.47,96.3 1 1
distributed-job-system/internal/logger/logger.go:97.2,97.11 1 1
distributed-job-system/internal/drivers/rabbit/broker.go:45.39,47.2 1 0
distributed-job-system/internal/drivers/rabbit/broker.go:49.61,50.18 1 0
distributed-job-system/internal/drivers/rabbit/broker.go:50.18,52.3 1 0
distributed-job-system/internal/drivers/rabbit/broker.go:53.2,59.38 2 0
distributed-job-system/internal/drivers/rabbit/broker.go:59.38,61.3 1 0
distributed-job-system/internal/drivers/rabbit/broker.go:62.2,62.15 1 0
distributed-job-system/internal/drivers/rabbit/broker.go:65.36,72.16 5 0
distributed-job-system/internal/drivers/rabbit/broker.go:72.16,74.3 1 0
distributed-job-system/internal/drivers/rabbit/broker.go:75.2,75.19 1 0
distributed-job-system/internal/drivers/rabbit/broker.go:75.19,78.3 2 0
distributed-job-system/internal/drivers/rabbit/broker.go:80.2,84.16 2 0
distributed-job-system/internal/drivers/rabbit/broker.go:84.16,86.3 1 0
distributed-job-system/internal/drivers/rabbit/broker.go:87.2,89.30 2 0
distributed-job-system/internal/drivers/rabbit/broker.go:89.30,91.15 2 0
distributed-job-system/internal/drivers/rabbit/broker.go:91.15,93.4 1 0
distributed-job-system/internal/drivers/rabbit/broker.go:94.3,95.18 2 0
distributed-job-system/internal/drivers/rabbit/broker.go:95.18,97.4 1 0
distributed-job-system/internal/drivers/rabbit/broker.go:98.3,98.20 1 0
distributed-job-system/internal/drivers/rabbit/broker.go:101.2,102.16 2 0
distributed-job-system/internal/drivers/rabbit/broker.go:102.16,105.3 2 0
distributed-job-system/internal/drivers/rabbit/broker.go:106.2,106.47 1 0
distributed-job-system/internal/drivers/rabbit/broker.go:106.47,110.3 3 0
distributed-job-system/internal/drivers/rabbit/broker.go:111.2,113.34 2 0
distributed-job-system/internal/drivers/rabbit/broker.go:113.34,115.17 2 0
distributed-job-system/internal/drivers/rabbit/broker.go:115.17,117.4 1 0
distributed-job-system/internal/drivers/rabbit/broker.go:118.3,118.45 1 0
distributed-job-system/internal/drivers/rabbit/broker.go:118.45,121.4 2 0
distributed-job-system/internal/drivers/rabbit/broker.go:122.3,122.15 1 0
distributed-job-system/internal/drivers/rabbit/broker.go:124.2,125.12 2 0
distributed-job-system/internal/drivers/rabbit/broker.go:128.45,129.6 1 0
distributed-job-system/internal/drivers/rabbit/broker.go:129.6,130.10 1 0
distributed-job-system/internal/drivers/rabbit/broker.go:131.25,132.11 1 0
distributed-job-system/internal/drivers/rabbit/broker.go:132.11,134.5 1 0
distributed-job-system/internal/drivers/rabbit/broker.go:135.4,135.17 1 0
distributed-job-system/internal/drivers/rabbit/broker.go:135.17,137.5 1 0
distributed-job-system/internal/drivers/rabbit/broker.go:138.11,139.10 1 0
distributed-job-system/internal/drivers/rabbit/broker.go:144.46,145.61 1 0
distributed-job-system/internal/drivers/rabbit/broker.go:145.61,146.82 1 0
distributed-job-system/internal/drivers/rabbit/broker.go:146.82,148.4 1 0
distributed-job-system/internal/drivers/rabbit/broker.go:150.2,154.83 2 0
distributed-job-system/internal/drivers/rabbit/broker.go:154.83,156.3 1 0
distributed-job-system/internal/drivers/rabbit/broker.go:157.2,157.12 1 0
distributed-job-system/internal/drivers/rabbit/broker.go:160.39,161.35 1 0
distributed-job-system/internal/drivers/rabbit/broker.go:162.25,163.15 1 0
distributed-job-system/internal/drivers/rabbit/broker.go:164.24,165.14 1 0
distributed-job-system/internal/drivers/rabbit/broker.go:166.10,167.18 1 0
distributed-job-system/internal/drivers/rabbit/broker.go:171.69,172.6 1 0
distributed-job-system/internal/drivers/rabbit/broker.go:172.6,176.11 4 0
distributed-job-system/internal/drivers/rabbit/broker.go:176.11,177.40 1 0
distributed-job-system/internal/drivers/rabbit/broker.go:177.40,179.5 1 0
distributed-job-system/internal/drivers/rabbit/broker.go:182.3,182.10 1 0
distributed-job-system/internal/drivers/rabbit/broker.go:183.21,184.25 1 0
distributed-job-system/internal/drivers/rabbit/broker.go:185.27,186.11 1 0
distributed-job-system/internal/drivers/rabbit/broker.go:186.11,188.5 1 0
distributed-job-system/internal/drivers/rabbit/broker.go:189.4,189.18 1 0
distributed-job-system/internal/drivers/rabbit/broker.go:194.44,195.15 1 0
distributed-job-system/internal/drivers/rabbit/broker.go:195.15,197.3 1 0
distributed-job-system/internal/drivers/rabbit/broker.go:198.2,198.9 1 0
distributed-job-system/internal/drivers/rabbit/broker.go:199.20,199.20 0 0
distributed-job-system/internal/drivers/rabbit/broker.go:200.10,201.17 1 0
distributed-job-system/internal/drivers/rabbit/broker.go:205.64,208.16 3 0
distributed-job-system/internal/drivers/rabbit/broker.go:208.16,210.3 1 0
distributed-job-system/internal/drivers/rabbit/broker.go:212.2,213.16 2 0
distributed-job-system/internal/drivers/rabbit/broker.go:213.16,215.3 1 0
distributed-job-system/internal/drivers/rabbit/broker.go:217.2,228.16 2 0
distributed-job-system/internal/drivers/rabbit/broker.go:228.16,231.3 2 0
distributed-job-system/internal/drivers/rabbit/broker.go:232.2,233.12 2 0
distributed-job-system/internal/drivers/rabbit/broker.go:236.97,239.6 2 0
distributed-job-system/internal/drivers/rabbit/broker.go:239.6,240.10 1 0
distributed-job-system/internal/drivers/rabbit/broker.go:241.21,242.25 1 0
distributed-job-system/internal/drivers/rabbit/broker.go:243.11,243.11 0 0
distributed-job-system/internal/drivers/rabbit/broker.go:246.3,247.17 2 0
distributed-job-system/internal/drivers/rabbit/broker.go:247.17,249.4 1 0
distributed-job-system/internal/drivers/rabbit/broker.go:251.3,255.54 2 0
distributed-job-system/internal/drivers/rabbit/broker.go:255.54,257.18 2 0
distributed-job-system/internal/drivers/rabbit/broker.go:257.18,260.5 2 0
distributed-job-system/internal/drivers/rabbit/broker.go:261.4,261.10 1 0
distributed-job-system/internal/drivers/rabbit/broker.go:261.10,262.10 1 0
distributed-job-system/internal/drivers/rabbit/broker.go:266.3,266.10 1 0
distributed-job-system/internal/drivers/rabbit/broker.go:266.10,268.11 2 0
distributed-job-system/internal/drivers/rabbit/broker.go:269.22,270.26 1 0
distributed-job-system/internal/drivers/rabbit/broker.go:271.45,271.45 0 0
distributed-job-system/internal/drivers/rabbit/broker.go:273.4,273.12 1 0
distributed-job-system/internal/drivers/rabbit/broker.go:276.3,277.54 2 0
distributed-job-system/internal/drivers/rabbit/broker.go:277.54,281.4 3 0
distributed-job-system/internal/drivers/rabbit/broker.go:282.3,288.19 5 0
distributed-job-system/internal/drivers/rabbit/broker.go:292.63,295.8 3 0
distributed-job-system/internal/drivers/rabbit/broker.go:295.8,297.3 1 0
distributed-job-system/internal/drivers/rabbit/broker.go:298.2,299.9 2 0
distributed-job-system/internal/drivers/rabbit/broker.go:299.9,301.3 1 0
distributed-job-system/internal/drivers/rabbit/broker.go:302.2,304.12 3 0
distributed-job-system/internal/drivers/rabbit/broker.go:307.64,310.8 3 0
distributed-job-system/internal/drivers/rabbit/broker.go:310.8,312.3 1 0
distributed-job-system/internal/drivers/rabbit/broker.go:313.2,314.9 2 0
distributed-job-system/internal/drivers/rabbit/broker.go:314.9,316.3 1 0
distributed-job-system/internal/drivers/rabbit/broker.go:317.2,319.12 3 0
distributed-job-system/internal/drivers/rabbit/broker.go:322.89,323.25 1 0
distributed-job-system/internal/drivers/rabbit/broker.go:323.25,325.3 1 0
distributed-job-system/internal/drivers/rabbit/broker.go:326.2,331.16 5 0
distributed-job-system/internal/drivers/rabbit/broker.go:331.16,333.3 1 0
distributed-job-system/internal/drivers/rabbit/broker.go:335.2,336.16 2 0
distributed-job-system/internal/drivers/rabbit/broker.go:336.16,338.3 1 0
distributed-job-system/internal/drivers/rabbit/broker.go:339.2,350.16 2 0
distributed-job-system/internal/drivers/rabbit/broker.go:350.16,353.3 2 0
distributed-job-system/internal/drivers/rabbit/broker.go:354.2,355.12 2 0
distributed-job-system/internal/drivers/rabbit/broker.go:358.81,360.14 2 0
distributed-job-system/internal/drivers/rabbit/broker.go:360.14,362.3 1 0
distributed-job-system/internal/drivers/rabbit/broker.go:363.2,366.16 3 0
distributed-job-system/internal/drivers/rabbit/broker.go:366.16,368.3 1 0
distributed-job-system/internal/drivers/rabbit/broker.go:369.2,370.16 2 0
distributed-job-system/internal/drivers/rabbit/broker.go:370.16,372.3 1 0
distributed-job-system/internal/drivers/rabbit/broker.go:373.2,379.16 2 0
distributed-job-system/internal/drivers/rabbit/broker.go:379.16,382.3 2 0
distributed-job-system/internal/drivers/rabbit/broker.go:383.2,384.12 2 0
distributed-job-system/internal/drivers/rabbit/broker.go:387.51,396.19 7 0
distributed-job-system/internal/drivers/rabbit/broker.go:396.19,400.3 3 0
distributed-job-system/internal/drivers/rabbit/broker.go:401.2,401.12 1 0
distributed-job-system/internal/config/config.go:50.30,54.41 3 5
distributed-job-system/internal/config/config.go:54.41,55.45 1 5
distributed-job-system/internal/config/config.go:55.45,57.4 1 0
distributed-job-system/internal/config/config.go:58.3,58.24 1 5
distributed-job-system/internal/config/config.go:59.8,59.43 1 0
distributed-job-system/internal/config/config.go:59.43,61.3 1 0
distributed-job-system/internal/config/config.go:63.2,63.38 1 5
distributed-job-system/internal/config/config.go:63.38,65.3 1 1
distributed-job-system/internal/config/config.go:66.2,66.39 1 4
distributed-job-system/internal/config/config.go:66.39,68.3 1 1
distributed-job-system/internal/config/config.go:69.2,69.17 1 3
distributed-job-system/internal/config/config.go:72.25,89.2 1 8
distributed-job-system/internal/config/config.go:91.47,93.16 2 5
distributed-job-system/internal/config/config.go:93.16,95.3 1 0
distributed-job-system/internal/config/config.go:96.2,97.50 2 5
distributed-job-system/internal/config/config.go:97.50,99.3 1 0
distributed-job-system/internal/config/config.go:101.2,101.23 1 5
distributed-job-system/internal/config/config.go:101.23,103.3 1 4
distributed-job-system/internal/config/config.go:104.2,104.24 1 5
distributed-job-system/internal/config/config.go:104.24,106.3 1 5
distributed-job-system/internal/config/config.go:107.2,107.27 1 5
distributed-job-system/internal/config/config.go:107.27,109.3 1 5
distributed-job-system/internal/config/config.go:110.2,110.26 1 5
distributed-job-system/internal/config/config.go:110.26,112.3 1 4
distributed-job-system/internal/config/config.go:113.2,113.32 1 5
distributed-job-system/internal/config/config.go:113.32,115.17 2 5
distributed-job-system/internal/config/config.go:115.17,117.4 1 0
distributed-job-system/internal/config/config.go:118.3,118.28 1 5
distributed-job-system/internal/config/config.go:120.2,120.29 1 5
distributed-job-system/internal/config/config.go:120.29,122.17 2 4
distributed-job-system/internal/config/config.go:122.17,124.4 1 0
distributed-job-system/internal/config/config.go:125.3,125.25 1 4
distributed-job-system/internal/config/config.go:127.2,127.35 1 5
distributed-job-system/internal/config/config.go:127.35,129.17 2 4
distributed-job-system/internal/config/config.go:129.17,131.4 1 0
distributed-job-system/internal/config/config.go:132.3,132.31 1 4
distributed-job-system/internal/config/config.go:134.2,134.30 1 5
distributed-job-system/internal/config/config.go:134.30,136.17 2 4
distributed-job-system/internal/config/config.go:136.17,138.4 1 0
distributed-job-system/internal/config/config.go:139.3,139.26 1 4
distributed-job-system/internal/config/config.go:141.2,141.24 1 5
distributed-job-system/internal/config/config.go:141.24,143.3 1 0
distributed-job-system/internal/config/config.go:144.2,144.23 1 5
distributed-job-system/internal/config/config.go:144.23,146.3 1 0
distributed-job-system/internal/config/config.go:147.2,147.21 1 5
distributed-job-system/internal/config/config.go:147.21,149.3 1 0
distributed-job-system/internal/config/config.go:150.2,150.24 1 5
distributed-job-system/internal/config/config.go:150.24,152.3 1 0
distributed-job-system/internal/config/config.go:153.2,153.27 1 5
distributed-job-system/internal/config/config.go:153.27,155.3 1 0
distributed-job-system/internal/config/config.go:156.2,156.25 1 5
distributed-job-system/internal/config/config.go:156.25,158.3 1 0
distributed-job-system/internal/config/config.go:159.2,159.12 1 5
distributed-job-system/internal/config/config.go:162.34,163.42 1 5
distributed-job-system/internal/config/config.go:163.42,165.3 1 0
distributed-job-system/internal/config/config.go:166.2,166.43 1 5
distributed-job-system/internal/config/config.go:166.43,168.3 1 5
distributed-job-system/internal/config/config.go:169.2,169.45 1 5
distributed-job-system/internal/config/config.go:169.45,171.17 2 2
distributed-job-system/internal/config/config.go:171.17,173.4 1 0
distributed-job-system/internal/config/config.go:174.3,174.22 1 2
distributed-job-system/internal/config/config.go:176.2,176.44 1 5
distributed-job-system/internal/config/config.go:176.44,178.17 2 1
distributed-job-system/internal/config/config.go:178.17,180.4 1 0
distributed-job-system/internal/config/config.go:181.3,181.21 1 1
distributed-job-system/internal/config/config.go:183.2,183.51 1 5
distributed-job-system/internal/config/config.go:183.51,185.17 2 1
distributed-job-system/internal/config/config.go:185.17,187.4 1 1
distributed-job-system/internal/config/config.go:188.3,188.28 1 0
distributed-job-system/internal/config/config.go:190.2,190.48 1 4
distributed-job-system/internal/config/config.go:190.48,192.17 2 0
distributed-job-system/internal/config/config.go:192.17,194.4 1 0
distributed-job-system/internal/config/config.go:195.3,195.25 1 0
distributed-job-system/internal/config/config.go:197.2,197.55 1 4
distributed-job-system/internal/config/config.go:197.55,199.17 2 0
distributed-job-system/internal/config/config.go:199.17,201.4 1 0
distributed-job-system/internal/config/config.go:202.3,202.31 1 0
distributed-job-system/internal/config/config.go:204.2,204.49 1 4
distributed-job-system/internal/config/config.go:204.49,206.17 2 0
distributed-job-system/internal/config/config.go:206.17,208.4 1 0
distributed-job-system/internal/config/config.go:209.3,209.26 1 0
distributed-job-system/internal/config/config.go:211.2,211.43 1 4
distributed-job-system/internal/config/config.go:211.43,213.3 1 0
distributed-job-system/internal/config/config.go:214.2,214.42 1 4
distributed-job-system/internal/config/config.go:214.42,216.3 1 0
distributed-job-system/internal/config/config.go:217.2,217.39 1 4
distributed-job-system/internal/config/config.go:217.39,219.3 1 1
distributed-job-system/internal/config/config.go:220.2,220.43 1 4
distributed-job-system/internal/config/config.go:220.43,222.3 1 1
distributed-job-system/internal/config/config.go:223.2,223.46 1 4
distributed-job-system/internal/config/config.go:223.46,225.3 1 0
distributed-job-system/internal/config/config.go:226.2,226.44 1 4
distributed-job-system/internal/config/config.go:226.44,228.3 1 0
distributed-job-system/internal/config/config.go:229.2,229.12 1 4
distributed-job-system/internal/config/config.go:232.35,235.42 2 7
distributed-job-system/internal/config/config.go:235.42,237.3 1 1
distributed-job-system/internal/config/config.go:238.2,238.41 1 7
distributed-job-system/internal/config/config.go:238.41,240.3 1 0
distributed-job-system/internal/config/config.go:241.2,241.24 1 7
distributed-job-system/internal/config/config.go:241.24,243.3 1 1
distributed-job-system/internal/config/config.go:244.2,244.22 1 7
distributed-job-system/internal/config/config.go:244.22,246.3 1 0
distributed-job-system/internal/config/config.go:247.2,247.30 1 7
distributed-job-system/internal/config/config.go:247.30,249.3 1 0
distributed-job-system/internal/config/config.go:250.2,250.27 1 7
distributed-job-system/internal/config/config.go:250.27,252.3 1 0
distributed-job-system/internal/config/config.go:253.2,253.33 1 7
distributed-job-system/internal/config/config.go:253.33,255.3 1 0
distributed-job-system/internal/config/config.go:256.2,256.28 1 7
distributed-job-system/internal/config/config.go:256.28,258.3 1 0
distributed-job-system/internal/config/config.go:259.2,259.44 1 7
distributed-job-system/internal/config/config.go:259.44,261.3 1 0
distributed-job-system/internal/config/config.go:263.2,264.18 2 7
distributed-job-system/internal/config/config.go:264.18,267.3 2 0
distributed-job-system/internal/config/config.go:268.2,268.16 1 7
distributed-job-system/internal/config/config.go:269.46,270.20 1 6
distributed-job-system/internal/config/config.go:271.10,272.93 1 1
distributed-job-system/internal/config/config.go:274.2,274.48 1 7
distributed-job-system/internal/config/config.go:274.48,275.43 1 2
distributed-job-system/internal/config/config.go:275.43,277.4 1 1
distributed-job-system/internal/config/config.go:279.2,279.23 1 7
distributed-job-system/internal/config/config.go:279.23,280.46 1 0
distributed-job-system/internal/config/config.go:280.46,282.4 1 0
distributed-job-system/internal/config/config.go:285.2,285.19 1 7
distributed-job-system/internal/config/config.go:285.19,287.3 1 4
distributed-job-system/internal/config/config.go:288.2,288.12 1 3
distributed-job-system/internal/config/config.go:291.45,292.27 1 5
distributed-job-system/internal/config/config.go:292.27,293.33 1 9
distributed-job-system/internal/config/config.go:293.33,295.4 1 5
distributed-job-system/internal/config/config.go:297.2,297.11 1 0
distributed-job-system/internal/metrics/metrics.go:149.13,172.2 1 1
distributed-job-system/internal/jobservice/JobService.go:20.58,25.2 1 3
distributed-job-system/internal/jobservice/JobService.go:35.87,36.25 1 3
distributed-job-system/internal/jobservice/JobService.go:36.25,38.3 1 2
distributed-job-system/internal/jobservice/JobService.go:39.2,58.46 3 3
distributed-job-system/internal/jobservice/JobService.go:58.46,61.2 2 0
distributed-job-system/internal/jobservice/JobService.go:62.1,62.46 1 3
distributed-job-system/internal/jobservice/JobService.go:62.46,65.2 2 1
distributed-job-system/internal/jobservice/JobService.go:66.2,67.18 2 2
distributed-job-system/internal/jobservice/JobService.go:70.74,72.2 1 1
distributed-job-system/internal/handlers/admin.go:11.63,12.54 1 1
distributed-job-system/internal/handlers/admin.go:12.54,14.17 2 1
distributed-job-system/internal/handlers/admin.go:14.17,17.4 2 0
distributed-job-system/internal/handlers/admin.go:18.3,19.58 2 1
distributed-job-system/internal/handlers/admin.go:19.58,21.4 1 0
distributed-job-system/internal/handlers/admin.go:25.65,26.54 1 1
distributed-job-system/internal/handlers/admin.go:26.54,31.17 4 1
distributed-job-system/internal/handlers/admin.go:31.17,34.4 2 0
distributed-job-system/internal/handlers/admin.go:35.3,36.57 2 1
distributed-job-system/internal/handlers/admin.go:36.57,38.4 1 0
distributed-job-system/internal/handlers/admin.go:42.57,43.54 1 1
distributed-job-system/internal/handlers/admin.go:43.54,45.17 2 1
distributed-job-system/internal/handlers/admin.go:45.17,48.4 2 0
distributed-job-system/internal/handlers/admin.go:49.3,50.58 2 1
distributed-job-system/internal/handlers/admin.go:50.58,52.4 1 0
distributed-job-system/internal/handlers/dead_jobs.go:12.59,13.54 1 1
distributed-job-system/internal/handlers/dead_jobs.go:13.54,16.17 2 1
distributed-job-system/internal/handlers/dead_jobs.go:16.17,19.4 2 0
distributed-job-system/internal/handlers/dead_jobs.go:21.3,26.57 2 1
distributed-job-system/internal/handlers/dead_jobs.go:26.57,29.4 2 0
distributed-job-system/internal/handlers/dead_jobs.go:33.65,34.54 1 1
distributed-job-system/internal/handlers/dead_jobs.go:34.54,37.15 2 1
distributed-job-system/internal/handlers/dead_jobs.go:37.15,40.4 2 0
distributed-job-system/internal/handlers/dead_jobs.go:42.3,44.17 2 1
distributed-job-system/internal/handlers/dead_jobs.go:44.17,45.33 1 0
distributed-job-system/internal/handlers/dead_jobs.go:45.33,49.5 2 0
distributed-job-system/internal/handlers/dead_jobs.go:51.4,52.10 2 0
distributed-job-system/internal/handlers/dead_jobs.go:56.3,66.18 3 1
distributed-job-system/internal/handlers/dead_jobs.go:66.18,69.4 2 0
distributed-job-system/internal/handlers/health.go:21.39,22.54 1 1
distributed-job-system/internal/handlers/health.go:22.54,28.3 3 1
distributed-job-system/internal/handlers/health.go:31.57,32.54 1 1
distributed-job-system/internal/handlers/health.go:32.54,38.37 4 1
distributed-job-system/internal/handlers/health.go:38.37,45.4 3 0
distributed-job-system/internal/handlers/health.go:47.3,51.5 2 1
distributed-job-system/internal/handlers/jobs.go:11.58,13.54 1 1
distributed-job-system/internal/handlers/jobs.go:13.54,20.15 2 1
distributed-job-system/internal/handlers/jobs.go:20.15,29.4 2 0
distributed-job-system/internal/handlers/jobs.go:31.3,36.17 2 1
distributed-job-system/internal/handlers/jobs.go:36.17,45.4 2 0
distributed-job-system/internal/handlers/jobs.go:47.3,52.56 2 1
distributed-job-system/internal/handlers/jobs.go:52.56,55.4 2 0
distributed-job-system/internal/producer/handler.go:22.58,23.24 1 1
distributed-job-system/internal/producer/handler.go:23.24,25.3 1 0
distributed-job-system/internal/producer/handler.go:26.2,26.41 1 1
distributed-job-system/internal/producer/handler.go:26.41,28.3 1 1
distributed-job-system/internal/producer/handler.go:29.2,29.29 1 0
distributed-job-system/internal/producer/handler.go:32.56,33.54 1 1
distributed-job-system/internal/producer/handler.go:33.54,35.62 2 1
distributed-job-system/internal/producer/handler.go:35.62,38.4 2 0
distributed-job-system/internal/producer/handler.go:39.3,46.17 2 1
distributed-job-system/internal/producer/handler.go:46.17,49.4 2 0
distributed-job-system/internal/producer/handler.go:50.3,55.5 3 1
distributed-job-system/internal/retry/backoff.go:5.53,12.2 3 4
distributed-job-system/cmd/server/main.go:28.85,33.6 4 1
distributed-job-system/cmd/server/main.go:33.6,34.10 1 2
distributed-job-system/cmd/server/main.go:35.21,37.10 2 1
distributed-job-system/cmd/server/main.go:38.19,40.18 2 1
distributed-job-system/cmd/server/main.go:40.18,42.13 2 0
distributed-job-system/cmd/server/main.go:44.4,44.13 1 1
distributed-job-system/cmd/server/main.go:44.13,47.5 2 1
distributed-job-system/cmd/server/main.go:52.92,57.6 4 1
distributed-job-system/cmd/server/main.go:57.6,58.10 1 2
distributed-job-system/cmd/server/main.go:59.21,61.10 2 1
distributed-job-system/cmd/server/main.go:62.19,64.18 2 1
distributed-job-system/cmd/server/main.go:64.18,66.13 2 0
distributed-job-system/cmd/server/main.go:68.4,68.13 1 1
distributed-job-system/cmd/server/main.go:68.13,71.5 2 1
distributed-job-system/cmd/server/main.go:76.96,81.6 4 1
distributed-job-system/cmd/server/main.go:81.6,82.10 1 1
distributed-job-system/cmd/server/main.go:83.21,85.10 2 1
distributed-job-system/cmd/server/main.go:86.19,88.18 2 0
distributed-job-system/cmd/server/main.go:88.18,90.13 2 0
distributed-job-system/cmd/server/main.go:92.4,95.58 4 0
distributed-job-system/cmd/server/main.go:100.13,102.16 2 0
distributed-job-system/cmd/server/main.go:102.16,104.3 1 0
distributed-job-system/cmd/server/main.go:106.2,122.44 6 0
distributed-job-system/cmd/server/main.go:122.44,125.3 2 0
distributed-job-system/cmd/server/main.go:126.2,129.56 3 0
distributed-job-system/cmd/server/main.go:130.28,132.17 2 0
distributed-job-system/cmd/server/main.go:132.17,134.4 1 0
distributed-job-system/cmd/server/main.go:135.3,136.43 2 0
distributed-job-system/cmd/server/main.go:137.15,138.69 1 0
distributed-job-system/cmd/server/main.go:139.10,141.40 2 0
distributed-job-system/cmd/server/main.go:144.2,152.40 6 0
distributed-job-system/cmd/server/main.go:152.40,155.3 2 0
distributed-job-system/cmd/server/main.go:157.2,157.41 1 0
distributed-job-system/cmd/server/main.go:157.41,159.3 1 0
distributed-job-system/cmd/server/main.go:160.2,160.42 1 0
distributed-job-system/cmd/server/main.go:160.42,162.3 1 0
distributed-job-system/cmd/server/main.go:163.2,183.12 15 0
distributed-job-system/cmd/server/main.go:183.12,185.80 2 0
distributed-job-system/cmd/server/main.go:185.80,187.4 1 0
distributed-job-system/cmd/server/main.go:190.2,200.62 7 0
distributed-job-system/cmd/server/main.go:200.62,205.3 1 0
distributed-job-system/internal/queue/redis.go:208.68,210.2 1 1
distributed-job-system/internal/queue/redis.go:212.77,214.2 1 1
distributed-job-system/internal/queue/redis.go:216.55,218.2 1 1
distributed-job-system/internal/queue/redis.go:220.81,221.15 1 2
distributed-job-system/internal/queue/redis.go:221.15,223.3 1 1
distributed-job-system/internal/queue/redis.go:224.2,224.63 1 1
distributed-job-system/internal/queue/redis.go:227.75,228.15 1 1
distributed-job-system/internal/queue/redis.go:228.15,230.3 1 0
distributed-job-system/internal/queue/redis.go:232.2,236.12 5 1
distributed-job-system/internal/queue/redis.go:239.54,241.2 1 1
distributed-job-system/internal/queue/redis.go:244.45,251.2 2 29
distributed-job-system/internal/queue/redis.go:253.68,256.16 3 11
distributed-job-system/internal/queue/redis.go:256.16,258.3 1 0
distributed-job-system/internal/queue/redis.go:259.2,260.46 2 11
distributed-job-system/internal/queue/redis.go:263.66,266.16 2 0
distributed-job-system/internal/queue/redis.go:266.16,268.3 1 0
distributed-job-system/internal/queue/redis.go:270.2,273.16 3 0
distributed-job-system/internal/queue/redis.go:273.16,275.3 1 0
distributed-job-system/internal/queue/redis.go:277.2,277.18 1 0
distributed-job-system/internal/queue/redis.go:280.71,283.16 2 25
distributed-job-system/internal/queue/redis.go:283.16,285.3 1 0
distributed-job-system/internal/queue/redis.go:287.2,291.22 1 25
distributed-job-system/internal/queue/redis.go:295.80,302.16 2 14
distributed-job-system/internal/queue/redis.go:302.16,304.3 1 3
distributed-job-system/internal/queue/redis.go:306.2,311.16 2 11
distributed-job-system/internal/queue/redis.go:311.16,314.3 1 0
distributed-job-system/internal/queue/redis.go:316.2,316.18 1 11
distributed-job-system/internal/queue/redis.go:319.84,322.16 2 8
distributed-job-system/internal/queue/redis.go:322.16,324.3 1 0
distributed-job-system/internal/queue/redis.go:326.2,330.9 1 8
distributed-job-system/internal/queue/redis.go:334.80,342.16 2 3
distributed-job-system/internal/queue/redis.go:342.16,344.3 1 0
distributed-job-system/internal/queue/redis.go:346.2,348.31 2 3
distributed-job-system/internal/queue/redis.go:348.31,351.61 2 2
distributed-job-system/internal/queue/redis.go:351.61,352.12 1 0
distributed-job-system/internal/queue/redis.go:355.3,355.35 1 2
distributed-job-system/internal/queue/redis.go:358.2,358.22 1 3
distributed-job-system/internal/queue/redis.go:361.87,362.14 1 6
distributed-job-system/internal/queue/redis.go:362.14,364.3 1 1
distributed-job-system/internal/queue/redis.go:366.2,367.16 2 5
distributed-job-system/internal/queue/redis.go:367.16,369.3 1 0
distributed-job-system/internal/queue/redis.go:371.2,372.31 2 5
distributed-job-system/internal/queue/redis.go:372.31,374.65 2 3
distributed-job-system/internal/queue/redis.go:374.65,375.12 1 0
distributed-job-system/internal/queue/redis.go:377.3,377.23 1 3
distributed-job-system/internal/queue/redis.go:377.23,379.9 2 3
distributed-job-system/internal/queue/redis.go:382.2,382.19 1 5
distributed-job-system/internal/queue/redis.go:382.19,384.3 1 2
distributed-job-system/internal/queue/redis.go:386.2,396.16 9 3
distributed-job-system/internal/queue/redis.go:396.16,398.3 1 0
distributed-job-system/internal/queue/redis.go:399.2,408.22 3 3
distributed-job-system/internal/queue/redis.go:408.22,410.3 1 0
distributed-job-system/internal/queue/redis.go:411.2,411.16 1 3
distributed-job-system/internal/queue/redis.go:411.16,413.3 1 0
distributed-job-system/internal/queue/redis.go:415.2,415.32 1 3
distributed-job-system/internal/queue/redis.go:415.32,417.3 1 0
distributed-job-system/internal/queue/redis.go:419.2,419.44 1 3
distributed-job-system/internal/queue/redis.go:419.44,421.3 1 0
distributed-job-system/internal/queue/redis.go:423.2,423.18 1 3
distributed-job-system/internal/queue/redis.go:426.101,431.16 3 7
distributed-job-system/internal/queue/redis.go:431.16,433.3 1 0
distributed-job-system/internal/queue/redis.go:435.2,437.64 2 7
distributed-job-system/internal/queue/redis.go:437.64,439.3 1 0
distributed-job-system/internal/queue/redis.go:441.2,453.16 4 7
distributed-job-system/internal/queue/redis.go:453.16,456.3 2 0
distributed-job-system/internal/queue/redis.go:458.2,458.18 1 7
distributed-job-system/internal/queue/redis.go:461.67,471.2 2 2
distributed-job-system/internal/queue/redis.go:473.105,485.2 3 2
distributed-job-system/internal/queue/redis.go:487.68,490.16 2 2
distributed-job-system/internal/queue/redis.go:490.16,492.3 1 0
distributed-job-system/internal/queue/redis.go:493.2,498.12 6 2
distributed-job-system/internal/queue/redis.go:501.68,510.16 3 4
distributed-job-system/internal/queue/redis.go:510.16,512.3 1 0
distributed-job-system/internal/queue/redis.go:514.2,515.25 2 4
distributed-job-system/internal/queue/redis.go:515.25,517.31 2 6
distributed-job-system/internal/queue/redis.go:517.31,519.12 2 1
distributed-job-system/internal/queue/redis.go:522.3,524.17 3 5
distributed-job-system/internal/queue/redis.go:524.17,525.12 1 0
distributed-job-system/internal/queue/redis.go:528.3,536.31 3 5
distributed-job-system/internal/queue/redis.go:536.31,538.4 1 5
distributed-job-system/internal/queue/redis.go:540.2,540.19 1 4
distributed-job-system/internal/queue/redis.go:543.93,546.44 2 2
distributed-job-system/internal/queue/redis.go:546.44,548.3 1 0
distributed-job-system/internal/queue/redis.go:550.2,558.12 2 2
distributed-job-system/internal/queue/redis.go:561.77,571.16 3 3
distributed-job-system/internal/queue/redis.go:571.16,573.3 1 0
distributed-job-system/internal/queue/redis.go:575.2,576.25 2 3
distributed-job-system/internal/queue/redis.go:576.25,578.31 2 3
distributed-job-system/internal/queue/redis.go:578.31,580.12 2 1
distributed-job-system/internal/queue/redis.go:583.3,586.17 3 2
distributed-job-system/internal/queue/redis.go:586.17,587.12 1 0
distributed-job-system/internal/queue/redis.go:590.3,601.31 4 2
distributed-job-system/internal/queue/redis.go:601.31,603.4 1 2
distributed-job-system/internal/queue/redis.go:606.2,606.24 1 3
distributed-job-system/internal/queue/redis.go:609.103,610.16 1 4
distributed-job-system/internal/queue/redis.go:610.16,612.3 1 1
distributed-job-system/internal/queue/redis.go:614.2,626.16 4 3
distributed-job-system/internal/queue/redis.go:626.16,628.3 1 0
distributed-job-system/internal/queue/redis.go:629.2,629.25 1 3
distributed-job-system/internal/queue/redis.go:632.84,636.2 3 1
distributed-job-system/internal/queue/redis.go:638.69,649.42 9 1
distributed-job-system/internal/queue/redis.go:649.42,651.3 1 0
distributed-job-system/internal/queue/redis.go:653.2,667.8 5 1
distributed-job-system/internal/queue/redis.go:670.85,672.16 2 1
distributed-job-system/internal/queue/redis.go:672.16,674.3 1 0
distributed-job-system/internal/queue/redis.go:675.2,677.26 3 1
distributed-job-system/internal/queue/redis.go:677.26,681.18 4 3
distributed-job-system/internal/queue/redis.go:681.18,683.4 1 1
distributed-job-system/internal/queue/redis.go:684.3,685.31 2 3
distributed-job-system/internal/queue/redis.go:685.31,692.12 2 1
distributed-job-system/internal/queue/redis.go:694.3,698.5 1 2
distributed-job-system/internal/queue/redis.go:700.2,700.17 1 1
distributed-job-system/internal/queue/redis.go:703.101,704.15 1 2
distributed-job-system/internal/queue/redis.go:704.15,706.3 1 1
distributed-job-system/internal/queue/redis.go:707.2,707.16 1 2
distributed-job-system/internal/queue/redis.go:707.16,709.3 1 1
distributed-job-system/internal/queue/redis.go:710.2,710.17 1 2
distributed-job-system/internal/queue/redis.go:710.17,712.3 1 0
distributed-job-system/internal/queue/redis.go:714.2,715.16 2 2
distributed-job-system/internal/queue/redis.go:715.16,717.3 1 0
distributed-job-system/internal/queue/redis.go:719.2,721.16 3 2
distributed-job-system/internal/queue/redis.go:721.16,723.3 1 0
distributed-job-system/internal/queue/redis.go:725.2,726.27 2 2
distributed-job-system/internal/queue/redis.go:726.27,728.55 2 6
distributed-job-system/internal/queue/redis.go:728.55,729.12 1 1
distributed-job-system/internal/queue/redis.go:731.3,731.27 1 5
distributed-job-system/internal/queue/redis.go:734.2,740.8 1 2
distributed-job-system/internal/jobs/job.go:46.45,47.11 1 0
distributed-job-system/internal/jobs/job.go:48.50,49.11 1 0
distributed-job-system/internal/jobs/job.go:50.10,51.25 1 0
distributed-job-system/internal/jobs/job.go:55.37,56.30 1 0
distributed-job-system/internal/jobs/job.go:57.20,58.21 1 0
distributed-job-system/internal/jobs/job.go:59.19,60.20 1 0
distributed-job-system/internal/jobs/job.go:61.10,62.24 1 0
distributed-job-system/internal/jobs/job.go:66.32,68.2 1 0
distributed-job-system/internal/middleware/request_id.go:13.48,14.71 1 0
distributed-job-system/internal/middleware/request_id.go:14.71,16.15 2 0
distributed-job-system/internal/middleware/request_id.go:16.15,18.4 1 0
distributed-job-system/internal/middleware/request_id.go:20.3,30.40 4 0
distributed-job-system/internal/worker/limits.go:11.46,12.56 1 4
distributed-job-system/internal/worker/limits.go:12.56,14.3 1 3
distributed-job-system/internal/worker/limits.go:15.2,15.31 1 1
distributed-job-system/internal/worker/limits.go:18.13,21.2 1 1
distributed-job-system/internal/worker/print_handler.go:13.72,27.16 6 2
distributed-job-system/internal/worker/print_handler.go:27.16,29.3 1 0
distributed-job-system/internal/worker/print_handler.go:31.2,35.12 2 2
distributed-job-system/internal/worker/registry.go:15.30,19.2 1 6
distributed-job-system/internal/worker/registry.go:21.65,23.20 1 7
distributed-job-system/internal/worker/registry.go:23.20,24.27 1 0
distributed-job-system/internal/worker/registry.go:27.2,27.46 1 7
distributed-job-system/internal/worker/registry.go:27.46,28.50 1 1
distributed-job-system/internal/worker/registry.go:31.2,31.31 1 6
distributed-job-system/internal/worker/registry.go:34.69,42.9 3 5
distributed-job-system/internal/worker/registry.go:42.9,45.3 2 2
distributed-job-system/internal/worker/registry.go:46.2,46.34 1 3
distributed-job-system/internal/worker/worker.go:21.87,28.2 1 3
distributed-job-system/internal/worker/worker.go:30.88,36.6 2 2
distributed-job-system/internal/worker/worker.go:36.6,37.10 1 4
distributed-job-system/internal/worker/worker.go:38.21,43.10 2 0
distributed-job-system/internal/worker/worker.go:44.11,46.18 2 4
distributed-job-system/internal/worker/worker.go:46.18,47.25 1 2
distributed-job-system/internal/worker/worker.go:47.25,49.6 1 2
distributed-job-system/internal/worker/worker.go:50.5,56.13 3 0
distributed-job-system/internal/worker/worker.go:59.4,59.82 1 2
distributed-job-system/internal/worker/worker.go:59.82,61.5 1 1
distributed-job-system/internal/worker/worker.go:63.4,70.53 7 2
distributed-job-system/internal/worker/worker.go:70.53,77.13 3 0
distributed-job-system/internal/worker/worker.go:80.4,82.58 2 2
distributed-job-system/internal/worker/worker.go:82.58,85.20 3 2
distributed-job-system/internal/worker/worker.go:85.20,93.14 3 0
distributed-job-system/internal/worker/worker.go:95.5,95.18 1 2
distributed-job-system/internal/worker/worker.go:95.18,106.14 5 0
distributed-job-system/internal/worker/worker.go:108.5,108.32 1 2
distributed-job-system/internal/worker/worker.go:108.32,109.82 1 2
distributed-job-system/internal/worker/worker.go:109.82,112.7 1 0
distributed-job-system/internal/worker/worker.go:117.4,117.37 1 2
distributed-job-system/internal/worker/worker.go:117.37,118.59 1 0
distributed-job-system/internal/worker/worker.go:118.59,121.21 3 0
distributed-job-system/internal/worker/worker.go:121.21,129.15 3 0
distributed-job-system/internal/worker/worker.go:131.6,131.19 1 0
distributed-job-system/internal/worker/worker.go:131.19,143.15 7 0
distributed-job-system/internal/worker/worker.go:148.4,149.56 2 2
distributed-job-system/internal/worker/worker.go:149.56,151.5 1 2
distributed-job-system/internal/worker/worker.go:153.4,158.20 5 2
distributed-job-system/internal/worker/worker.go:158.20,160.5 1 0
distributed-job-system/internal/worker/worker.go:162.4,162.22 1 2
distributed-job-system/internal/worker/worker.go:162.22,172.43 3 0
distributed-job-system/internal/worker/worker.go:172.43,189.67 9 0
distributed-job-system/internal/worker/worker.go:189.67,196.7 2 0
distributed-job-system/internal/worker/worker.go:197.6,197.14 1 0
distributed-job-system/internal/worker/worker.go:200.5,205.55 5 0
distributed-job-system/internal/worker/worker.go:205.55,211.6 1 0
distributed-job-system/internal/worker/worker.go:213.5,218.50 2 0
distributed-job-system/internal/worker/worker.go:218.50,219.62 1 0
distributed-job-system/internal/worker/worker.go:219.62,225.7 1 0
distributed-job-system/internal/worker/worker.go:225.12,232.7 2 0
distributed-job-system/internal/worker/worker.go:234.5,235.13 2 0
distributed-job-system/internal/worker/worker.go:239.4,245.37 6 2
distributed-job-system/internal/worker/worker.go:245.37,246.59 1 0
distributed-job-system/internal/worker/worker.go:246.59,248.62 2 0
distributed-job-system/internal/worker/worker.go:248.62,254.7 1 0
distributed-job-system/internal/worker/worker.go:258.4,258.55 1 2
distributed-job-system/internal/worker/worker.go:258.55,264.5 1 0
distributed-job-system/internal/worker/worker.go:265.4,270.5 1 2
distributed-job-system/internal/worker/worker.go:275.86,277.9 2 3
distributed-job-system/internal/worker/worker.go:277.9,279.3 1 0
distributed-job-system/internal/worker/worker.go:281.2,282.30 2 3
distributed-job-system/internal/worker/worker.go:282.30,284.3 1 3
distributed-job-system/internal/worker/worker.go:285.2,288.6 3 3
distributed-job-system/internal/worker/worker.go:288.6,289.10 1 3
distributed-job-system/internal/worker/worker.go:290.21,291.10 1 3
distributed-job-system/internal/worker/worker.go:292.19,293.68 1 0
distributed-job-system/internal/worker/worker.go:293.68,300.13 2 0
distributed-job-system/internal/worker/worker.go:302.4,307.4 2 0
