mode: set
distributed-job-system/cmd/server/main.go:23.81,29.6 4 0
distributed-job-system/cmd/server/main.go:29.6,30.10 1 0
distributed-job-system/cmd/server/main.go:31.21,33.10 2 0
distributed-job-system/cmd/server/main.go:34.19,36.18 2 0
distributed-job-system/cmd/server/main.go:36.18,40.13 2 0
distributed-job-system/cmd/server/main.go:42.4,42.13 1 0
distributed-job-system/cmd/server/main.go:42.13,48.5 2 0
distributed-job-system/cmd/server/main.go:53.87,60.6 4 0
distributed-job-system/cmd/server/main.go:60.6,61.10 1 0
distributed-job-system/cmd/server/main.go:62.21,64.10 2 0
distributed-job-system/cmd/server/main.go:65.19,67.18 2 0
distributed-job-system/cmd/server/main.go:67.18,69.13 2 0
distributed-job-system/cmd/server/main.go:71.4,71.13 1 0
distributed-job-system/cmd/server/main.go:71.13,74.5 2 0
distributed-job-system/cmd/server/main.go:79.89,86.6 4 0
distributed-job-system/cmd/server/main.go:86.6,87.10 1 0
distributed-job-system/cmd/server/main.go:88.21,90.10 2 0
distributed-job-system/cmd/server/main.go:91.19,93.18 2 0
distributed-job-system/cmd/server/main.go:93.18,95.13 2 0
distributed-job-system/cmd/server/main.go:97.4,100.58 4 0
distributed-job-system/cmd/server/main.go:105.13,108.16 2 0
distributed-job-system/cmd/server/main.go:108.16,110.3 1 0
distributed-job-system/cmd/server/main.go:112.2,127.40 7 0
distributed-job-system/cmd/server/main.go:127.40,129.3 1 0
distributed-job-system/cmd/server/main.go:131.2,138.40 5 0
distributed-job-system/cmd/server/main.go:138.40,144.3 2 0
distributed-job-system/cmd/server/main.go:146.2,172.12 15 0
distributed-job-system/cmd/server/main.go:172.12,177.80 2 0
distributed-job-system/cmd/server/main.go:177.80,179.4 1 0
distributed-job-system/cmd/server/main.go:182.2,194.62 6 0
distributed-job-system/cmd/server/main.go:194.62,199.3 1 0
distributed-job-system/internal/config/config.go:44.30,48.41 3 1
distributed-job-system/internal/config/config.go:48.41,49.45 1 1
distributed-job-system/internal/config/config.go:49.45,51.4 1 0
distributed-job-system/internal/config/config.go:52.3,52.24 1 1
distributed-job-system/internal/config/config.go:53.8,53.43 1 0
distributed-job-system/internal/config/config.go:53.43,56.3 1 0
distributed-job-system/internal/config/config.go:58.2,58.38 1 1
distributed-job-system/internal/config/config.go:58.38,60.3 1 1
distributed-job-system/internal/config/config.go:62.2,62.39 1 1
distributed-job-system/internal/config/config.go:62.39,64.3 1 1
distributed-job-system/internal/config/config.go:66.2,66.17 1 1
distributed-job-system/internal/config/config.go:69.25,82.2 1 1
distributed-job-system/internal/config/config.go:84.47,86.16 2 1
distributed-job-system/internal/config/config.go:86.16,88.3 1 0
distributed-job-system/internal/config/config.go:90.2,91.50 2 1
distributed-job-system/internal/config/config.go:91.50,93.3 1 0
distributed-job-system/internal/config/config.go:95.2,95.23 1 1
distributed-job-system/internal/config/config.go:95.23,97.3 1 1
distributed-job-system/internal/config/config.go:98.2,98.24 1 1
distributed-job-system/internal/config/config.go:98.24,100.3 1 1
distributed-job-system/internal/config/config.go:101.2,101.27 1 1
distributed-job-system/internal/config/config.go:101.27,103.3 1 1
distributed-job-system/internal/config/config.go:104.2,104.26 1 1
distributed-job-system/internal/config/config.go:104.26,106.3 1 1
distributed-job-system/internal/config/config.go:107.2,107.32 1 1
distributed-job-system/internal/config/config.go:107.32,109.17 2 1
distributed-job-system/internal/config/config.go:109.17,111.4 1 0
distributed-job-system/internal/config/config.go:112.3,112.28 1 1
distributed-job-system/internal/config/config.go:114.2,114.29 1 1
distributed-job-system/internal/config/config.go:114.29,116.17 2 1
distributed-job-system/internal/config/config.go:116.17,118.4 1 0
distributed-job-system/internal/config/config.go:119.3,119.25 1 1
distributed-job-system/internal/config/config.go:121.2,121.35 1 1
distributed-job-system/internal/config/config.go:121.35,123.17 2 1
distributed-job-system/internal/config/config.go:123.17,125.4 1 0
distributed-job-system/internal/config/config.go:126.3,126.31 1 1
distributed-job-system/internal/config/config.go:128.2,128.30 1 1
distributed-job-system/internal/config/config.go:128.30,130.17 2 1
distributed-job-system/internal/config/config.go:130.17,132.4 1 0
distributed-job-system/internal/config/config.go:133.3,133.26 1 1
distributed-job-system/internal/config/config.go:136.2,136.12 1 1
distributed-job-system/internal/config/config.go:139.34,140.42 1 1
distributed-job-system/internal/config/config.go:140.42,142.3 1 0
distributed-job-system/internal/config/config.go:143.2,143.43 1 1
distributed-job-system/internal/config/config.go:143.43,145.3 1 1
distributed-job-system/internal/config/config.go:147.2,147.45 1 1
distributed-job-system/internal/config/config.go:147.45,149.17 2 1
distributed-job-system/internal/config/config.go:149.17,151.4 1 0
distributed-job-system/internal/config/config.go:152.3,152.22 1 1
distributed-job-system/internal/config/config.go:155.2,155.44 1 1
distributed-job-system/internal/config/config.go:155.44,157.17 2 1
distributed-job-system/internal/config/config.go:157.17,159.4 1 0
distributed-job-system/internal/config/config.go:160.3,160.21 1 1
distributed-job-system/internal/config/config.go:163.2,163.51 1 1
distributed-job-system/internal/config/config.go:163.51,165.17 2 1
distributed-job-system/internal/config/config.go:165.17,167.4 1 1
distributed-job-system/internal/config/config.go:168.3,168.28 1 0
distributed-job-system/internal/config/config.go:171.2,171.48 1 1
distributed-job-system/internal/config/config.go:171.48,173.17 2 0
distributed-job-system/internal/config/config.go:173.17,175.4 1 0
distributed-job-system/internal/config/config.go:176.3,176.25 1 0
distributed-job-system/internal/config/config.go:179.2,179.55 1 1
distributed-job-system/internal/config/config.go:179.55,181.17 2 0
distributed-job-system/internal/config/config.go:181.17,183.4 1 0
distributed-job-system/internal/config/config.go:184.3,184.31 1 0
distributed-job-system/internal/config/config.go:187.2,187.49 1 1
distributed-job-system/internal/config/config.go:187.49,189.17 2 0
distributed-job-system/internal/config/config.go:189.17,191.4 1 0
distributed-job-system/internal/config/config.go:192.3,192.26 1 0
distributed-job-system/internal/config/config.go:195.2,195.43 1 1
distributed-job-system/internal/config/config.go:195.43,197.3 1 0
distributed-job-system/internal/config/config.go:199.2,199.42 1 1
distributed-job-system/internal/config/config.go:199.42,201.3 1 0
distributed-job-system/internal/config/config.go:203.2,203.12 1 1
distributed-job-system/internal/config/config.go:206.35,209.42 2 1
distributed-job-system/internal/config/config.go:209.42,211.3 1 1
distributed-job-system/internal/config/config.go:212.2,212.41 1 1
distributed-job-system/internal/config/config.go:212.41,214.3 1 0
distributed-job-system/internal/config/config.go:215.2,215.24 1 1
distributed-job-system/internal/config/config.go:215.24,217.3 1 1
distributed-job-system/internal/config/config.go:218.2,218.22 1 1
distributed-job-system/internal/config/config.go:218.22,220.3 1 0
distributed-job-system/internal/config/config.go:221.2,221.30 1 1
distributed-job-system/internal/config/config.go:221.30,223.3 1 0
distributed-job-system/internal/config/config.go:224.2,224.27 1 1
distributed-job-system/internal/config/config.go:224.27,226.3 1 0
distributed-job-system/internal/config/config.go:227.2,227.33 1 1
distributed-job-system/internal/config/config.go:227.33,229.3 1 0
distributed-job-system/internal/config/config.go:230.2,230.28 1 1
distributed-job-system/internal/config/config.go:230.28,232.3 1 0
distributed-job-system/internal/config/config.go:234.2,234.44 1 1
distributed-job-system/internal/config/config.go:234.44,236.3 1 0
distributed-job-system/internal/config/config.go:238.2,238.19 1 1
distributed-job-system/internal/config/config.go:238.19,240.3 1 1
distributed-job-system/internal/config/config.go:241.2,241.12 1 1
distributed-job-system/internal/config/config.go:244.45,245.27 1 1
distributed-job-system/internal/config/config.go:245.27,246.33 1 1
distributed-job-system/internal/config/config.go:246.33,248.4 1 1
distributed-job-system/internal/config/config.go:250.2,250.11 1 0
distributed-job-system/internal/handlers/dead_jobs.go:12.59,13.54 1 0
distributed-job-system/internal/handlers/dead_jobs.go:13.54,16.17 2 0
distributed-job-system/internal/handlers/dead_jobs.go:16.17,19.4 2 0
distributed-job-system/internal/handlers/dead_jobs.go:21.3,26.57 2 0
distributed-job-system/internal/handlers/dead_jobs.go:26.57,29.4 2 0
distributed-job-system/internal/handlers/dead_jobs.go:33.65,34.54 1 0
distributed-job-system/internal/handlers/dead_jobs.go:34.54,37.15 2 0
distributed-job-system/internal/handlers/dead_jobs.go:37.15,40.4 2 0
distributed-job-system/internal/handlers/dead_jobs.go:42.3,44.17 2 0
distributed-job-system/internal/handlers/dead_jobs.go:44.17,45.33 1 0
distributed-job-system/internal/handlers/dead_jobs.go:45.33,49.5 2 0
distributed-job-system/internal/handlers/dead_jobs.go:51.4,52.10 2 0
distributed-job-system/internal/handlers/dead_jobs.go:56.3,66.18 3 0
distributed-job-system/internal/handlers/dead_jobs.go:66.18,69.4 2 0
distributed-job-system/internal/handlers/health.go:22.39,23.54 1 0
distributed-job-system/internal/handlers/health.go:23.54,29.3 3 0
distributed-job-system/internal/handlers/health.go:33.57,34.54 1 0
distributed-job-system/internal/handlers/health.go:34.54,40.37 4 0
distributed-job-system/internal/handlers/health.go:40.37,47.4 3 0
distributed-job-system/internal/handlers/health.go:49.3,53.5 2 0
distributed-job-system/internal/handlers/jobs.go:11.58,13.54 1 0
distributed-job-system/internal/handlers/jobs.go:13.54,20.15 2 0
distributed-job-system/internal/handlers/jobs.go:20.15,29.4 2 0
distributed-job-system/internal/handlers/jobs.go:31.3,36.17 2 0
distributed-job-system/internal/handlers/jobs.go:36.17,45.4 2 0
distributed-job-system/internal/handlers/jobs.go:47.3,52.56 2 0
distributed-job-system/internal/handlers/jobs.go:52.56,55.4 2 0
distributed-job-system/internal/logger/logger.go:21.33,23.51 2 0
distributed-job-system/internal/logger/logger.go:24.15,25.24 1 0
distributed-job-system/internal/logger/logger.go:26.25,27.23 1 0
distributed-job-system/internal/logger/logger.go:28.15,29.24 1 0
distributed-job-system/internal/logger/logger.go:30.10,31.23 1 0
distributed-job-system/internal/logger/logger.go:34.2,37.52 3 0
distributed-job-system/internal/logger/logger.go:38.14,39.49 1 0
distributed-job-system/internal/logger/logger.go:40.10,41.49 1 0
distributed-job-system/internal/logger/logger.go:44.2,45.22 2 0
distributed-job-system/internal/logger/logger.go:49.52,50.16 1 0
distributed-job-system/internal/logger/logger.go:50.16,52.3 1 0
distributed-job-system/internal/logger/logger.go:54.2,56.62 2 0
distributed-job-system/internal/logger/logger.go:56.62,58.3 1 0
distributed-job-system/internal/logger/logger.go:59.2,59.58 1 0
distributed-job-system/internal/logger/logger.go:59.58,61.3 1 0
distributed-job-system/internal/logger/logger.go:62.2,62.47 1 0
distributed-job-system/internal/logger/logger.go:62.47,64.3 1 0
distributed-job-system/internal/logger/logger.go:66.2,66.61 1 0
distributed-job-system/internal/logger/logger.go:66.61,68.3 1 0
distributed-job-system/internal/logger/logger.go:70.2,70.20 1 0
distributed-job-system/internal/logger/logger.go:70.20,72.3 1 0
distributed-job-system/internal/logger/logger.go:73.2,73.26 1 0
distributed-job-system/internal/logger/logger.go:78.68,80.2 1 0
distributed-job-system/internal/logger/logger.go:82.64,84.2 1 0
distributed-job-system/internal/logger/logger.go:86.64,88.2 1 0
distributed-job-system/internal/logger/logger.go:90.51,91.51 1 0
distributed-job-system/internal/logger/logger.go:91.51,93.3 1 0
distributed-job-system/internal/logger/logger.go:94.2,94.11 1 0
distributed-job-system/internal/logger/logger.go:97.47,98.47 1 0
distributed-job-system/internal/logger/logger.go:98.47,100.3 1 0
distributed-job-system/internal/logger/logger.go:101.2,101.11 1 0
distributed-job-system/internal/metrics/metrics.go:154.13,177.2 1 0
distributed-job-system/internal/middleware/request_id.go:13.48,14.71 1 0
distributed-job-system/internal/middleware/request_id.go:14.71,16.15 2 0
distributed-job-system/internal/middleware/request_id.go:16.15,18.4 1 0
distributed-job-system/internal/middleware/request_id.go:20.3,30.40 4 0
distributed-job-system/internal/producer/handler.go:21.52,23.54 1 0
distributed-job-system/internal/producer/handler.go:23.54,28.62 4 0
distributed-job-system/internal/producer/handler.go:28.62,31.4 2 0
distributed-job-system/internal/producer/handler.go:33.3,49.48 3 0
distributed-job-system/internal/producer/handler.go:49.48,55.10 3 0
distributed-job-system/internal/producer/handler.go:57.3,59.45 2 0
distributed-job-system/internal/producer/handler.go:59.45,63.4 2 0
distributed-job-system/internal/producer/handler.go:65.3,70.18 2 0
distributed-job-system/internal/producer/handler.go:70.18,73.4 2 0
distributed-job-system/internal/queue/redis.go:185.81,186.15 1 0
distributed-job-system/internal/queue/redis.go:186.15,188.3 1 0
distributed-job-system/internal/queue/redis.go:189.2,189.63 1 0
distributed-job-system/internal/queue/redis.go:193.75,194.15 1 0
distributed-job-system/internal/queue/redis.go:194.15,196.3 1 0
distributed-job-system/internal/queue/redis.go:198.2,202.12 5 0
distributed-job-system/internal/queue/redis.go:205.54,207.2 1 0
distributed-job-system/internal/queue/redis.go:209.45,216.2 2 0
distributed-job-system/internal/queue/redis.go:218.68,221.16 2 0
distributed-job-system/internal/queue/redis.go:221.16,223.3 1 0
distributed-job-system/internal/queue/redis.go:225.2,225.48 1 0
distributed-job-system/internal/queue/redis.go:228.66,231.16 2 0
distributed-job-system/internal/queue/redis.go:231.16,233.3 1 0
distributed-job-system/internal/queue/redis.go:235.2,238.16 3 0
distributed-job-system/internal/queue/redis.go:238.16,240.3 1 0
distributed-job-system/internal/queue/redis.go:242.2,242.18 1 0
distributed-job-system/internal/queue/redis.go:245.71,248.16 2 0
distributed-job-system/internal/queue/redis.go:248.16,250.3 1 0
distributed-job-system/internal/queue/redis.go:252.2,256.22 1 0
distributed-job-system/internal/queue/redis.go:260.80,267.16 2 0
distributed-job-system/internal/queue/redis.go:267.16,269.3 1 0
distributed-job-system/internal/queue/redis.go:271.2,276.16 2 0
distributed-job-system/internal/queue/redis.go:276.16,279.3 1 0
distributed-job-system/internal/queue/redis.go:281.2,281.18 1 0
distributed-job-system/internal/queue/redis.go:284.84,287.16 2 0
distributed-job-system/internal/queue/redis.go:287.16,289.3 1 0
distributed-job-system/internal/queue/redis.go:291.2,295.9 1 0
distributed-job-system/internal/queue/redis.go:299.80,307.16 2 0
distributed-job-system/internal/queue/redis.go:307.16,309.3 1 0
distributed-job-system/internal/queue/redis.go:311.2,313.31 2 0
distributed-job-system/internal/queue/redis.go:313.31,316.61 2 0
distributed-job-system/internal/queue/redis.go:316.61,317.12 1 0
distributed-job-system/internal/queue/redis.go:320.3,320.35 1 0
distributed-job-system/internal/queue/redis.go:323.2,323.22 1 0
distributed-job-system/internal/queue/redis.go:326.87,327.14 1 0
distributed-job-system/internal/queue/redis.go:327.14,329.3 1 0
distributed-job-system/internal/queue/redis.go:331.2,332.16 2 0
distributed-job-system/internal/queue/redis.go:332.16,334.3 1 0
distributed-job-system/internal/queue/redis.go:336.2,337.31 2 0
distributed-job-system/internal/queue/redis.go:337.31,339.65 2 0
distributed-job-system/internal/queue/redis.go:339.65,340.12 1 0
distributed-job-system/internal/queue/redis.go:342.3,342.23 1 0
distributed-job-system/internal/queue/redis.go:342.23,344.9 2 0
distributed-job-system/internal/queue/redis.go:347.2,347.19 1 0
distributed-job-system/internal/queue/redis.go:347.19,349.3 1 0
distributed-job-system/internal/queue/redis.go:351.2,361.16 9 0
distributed-job-system/internal/queue/redis.go:361.16,363.3 1 0
distributed-job-system/internal/queue/redis.go:365.2,373.22 2 0
distributed-job-system/internal/queue/redis.go:373.22,375.3 1 0
distributed-job-system/internal/queue/redis.go:376.2,376.16 1 0
distributed-job-system/internal/queue/redis.go:376.16,378.3 1 0
distributed-job-system/internal/queue/redis.go:380.2,380.32 1 0
distributed-job-system/internal/queue/redis.go:380.32,382.3 1 0
distributed-job-system/internal/queue/redis.go:384.2,384.44 1 0
distributed-job-system/internal/queue/redis.go:384.44,386.3 1 0
distributed-job-system/internal/queue/redis.go:388.2,388.18 1 0
distributed-job-system/internal/queue/redis.go:391.101,394.16 2 0
distributed-job-system/internal/queue/redis.go:394.16,396.3 1 0
distributed-job-system/internal/queue/redis.go:398.2,400.64 2 0
distributed-job-system/internal/queue/redis.go:400.64,402.3 1 0
distributed-job-system/internal/queue/redis.go:404.2,414.16 3 0
distributed-job-system/internal/queue/redis.go:414.16,418.3 2 0
distributed-job-system/internal/queue/redis.go:420.2,420.18 1 0
distributed-job-system/internal/queue/redis.go:423.67,433.2 2 0
distributed-job-system/internal/queue/redis.go:435.105,447.2 3 0
distributed-job-system/internal/queue/redis.go:449.68,452.16 2 0
distributed-job-system/internal/queue/redis.go:452.16,454.3 1 0
distributed-job-system/internal/queue/redis.go:456.2,460.12 5 0
distributed-job-system/internal/queue/redis.go:463.68,473.16 3 0
distributed-job-system/internal/queue/redis.go:473.16,475.3 1 0
distributed-job-system/internal/queue/redis.go:476.2,477.25 2 0
distributed-job-system/internal/queue/redis.go:477.25,479.17 2 0
distributed-job-system/internal/queue/redis.go:479.17,481.12 2 0
distributed-job-system/internal/queue/redis.go:484.3,485.17 2 0
distributed-job-system/internal/queue/redis.go:485.17,486.12 1 0
distributed-job-system/internal/queue/redis.go:489.3,497.31 2 0
distributed-job-system/internal/queue/redis.go:497.31,499.4 1 0
distributed-job-system/internal/queue/redis.go:501.2,501.19 1 0
distributed-job-system/internal/queue/redis.go:504.93,507.44 2 0
distributed-job-system/internal/queue/redis.go:507.44,509.3 1 0
distributed-job-system/internal/queue/redis.go:511.2,519.12 2 0
distributed-job-system/internal/queue/redis.go:522.77,532.16 3 0
distributed-job-system/internal/queue/redis.go:532.16,534.3 1 0
distributed-job-system/internal/queue/redis.go:536.2,537.25 2 0
distributed-job-system/internal/queue/redis.go:537.25,539.17 2 0
distributed-job-system/internal/queue/redis.go:539.17,542.12 2 0
distributed-job-system/internal/queue/redis.go:545.3,548.17 3 0
distributed-job-system/internal/queue/redis.go:548.17,549.12 1 0
distributed-job-system/internal/queue/redis.go:552.3,562.31 3 0
distributed-job-system/internal/queue/redis.go:562.31,564.4 1 0
distributed-job-system/internal/queue/redis.go:567.2,567.24 1 0
distributed-job-system/internal/queue/redis.go:570.103,571.16 1 0
distributed-job-system/internal/queue/redis.go:571.16,573.3 1 0
distributed-job-system/internal/queue/redis.go:575.2,587.16 4 0
distributed-job-system/internal/queue/redis.go:587.16,589.3 1 0
distributed-job-system/internal/queue/redis.go:590.2,590.25 1 0
distributed-job-system/internal/queue/redis.go:594.84,598.2 3 0
distributed-job-system/internal/queue/redis.go:600.69,607.42 6 0
distributed-job-system/internal/queue/redis.go:607.42,609.3 1 0
distributed-job-system/internal/queue/redis.go:611.2,616.8 1 0
distributed-job-system/internal/retry/backoff.go:5.53,12.2 3 0
distributed-job-system/internal/worker/limits.go:13.46,14.56 1 0
distributed-job-system/internal/worker/limits.go:14.56,16.3 1 0
distributed-job-system/internal/worker/limits.go:17.2,17.31 1 0
distributed-job-system/internal/worker/limits.go:21.13,24.2 1 0
distributed-job-system/internal/worker/print_handler.go:13.72,27.16 6 0
distributed-job-system/internal/worker/print_handler.go:27.16,29.3 1 0
distributed-job-system/internal/worker/print_handler.go:31.2,35.12 2 0
distributed-job-system/internal/worker/registry.go:15.30,19.2 1 0
distributed-job-system/internal/worker/registry.go:21.65,23.20 1 0
distributed-job-system/internal/worker/registry.go:23.20,24.27 1 0
distributed-job-system/internal/worker/registry.go:27.2,27.46 1 0
distributed-job-system/internal/worker/registry.go:27.46,28.50 1 0
distributed-job-system/internal/worker/registry.go:31.2,31.31 1 0
distributed-job-system/internal/worker/registry.go:34.69,42.9 3 0
distributed-job-system/internal/worker/registry.go:42.9,45.3 2 0
distributed-job-system/internal/worker/registry.go:46.2,46.34 1 0
distributed-job-system/internal/worker/worker.go:22.69,29.2 1 0
distributed-job-system/internal/worker/worker.go:31.88,38.6 2 0
distributed-job-system/internal/worker/worker.go:38.6,40.10 1 0
distributed-job-system/internal/worker/worker.go:42.21,48.10 2 0
distributed-job-system/internal/worker/worker.go:50.11,53.18 2 0
distributed-job-system/internal/worker/worker.go:53.18,54.25 1 0
distributed-job-system/internal/worker/worker.go:54.25,60.6 2 0
distributed-job-system/internal/worker/worker.go:62.5,69.13 3 0
distributed-job-system/internal/worker/worker.go:72.4,79.59 7 0
distributed-job-system/internal/worker/worker.go:79.59,87.13 4 0
distributed-job-system/internal/worker/worker.go:90.4,94.18 4 0
distributed-job-system/internal/worker/worker.go:94.18,101.13 3 0
distributed-job-system/internal/worker/worker.go:104.4,104.17 1 0
distributed-job-system/internal/worker/worker.go:104.17,117.13 5 0
distributed-job-system/internal/worker/worker.go:121.4,121.17 1 0
distributed-job-system/internal/worker/worker.go:121.17,122.77 1 0
distributed-job-system/internal/worker/worker.go:122.77,128.6 1 0
distributed-job-system/internal/worker/worker.go:131.4,131.40 1 0
distributed-job-system/internal/worker/worker.go:131.40,136.19 3 0
distributed-job-system/internal/worker/worker.go:136.19,144.14 3 0
distributed-job-system/internal/worker/worker.go:147.5,147.18 1 0
distributed-job-system/internal/worker/worker.go:147.18,160.14 6 0
distributed-job-system/internal/worker/worker.go:164.4,173.20 7 0
distributed-job-system/internal/worker/worker.go:173.20,175.5 1 0
distributed-job-system/internal/worker/worker.go:177.4,177.22 1 0
distributed-job-system/internal/worker/worker.go:177.22,188.47 3 0
distributed-job-system/internal/worker/worker.go:188.47,212.70 10 0
distributed-job-system/internal/worker/worker.go:212.70,220.15 3 0
distributed-job-system/internal/worker/worker.go:223.6,223.14 1 0
distributed-job-system/internal/worker/worker.go:226.5,234.19 6 0
distributed-job-system/internal/worker/worker.go:234.19,241.6 2 0
distributed-job-system/internal/worker/worker.go:243.5,264.66 3 0
distributed-job-system/internal/worker/worker.go:264.66,271.6 1 0
distributed-job-system/internal/worker/worker.go:271.11,279.6 2 0
distributed-job-system/internal/worker/worker.go:280.5,281.13 2 0
distributed-job-system/internal/worker/worker.go:284.4,292.40 6 0
distributed-job-system/internal/worker/worker.go:292.40,294.63 2 0
distributed-job-system/internal/worker/worker.go:294.63,301.6 1 0
distributed-job-system/internal/worker/worker.go:304.4,304.58 1 0
distributed-job-system/internal/worker/worker.go:304.58,310.5 1 0
distributed-job-system/internal/worker/worker.go:312.4,317.5 1 0
distributed-job-system/internal/worker/worker.go:322.86,325.30 2 0
distributed-job-system/internal/worker/worker.go:325.30,327.3 1 0
distributed-job-system/internal/worker/worker.go:329.2,332.6 3 0
distributed-job-system/internal/worker/worker.go:332.6,333.10 1 0
distributed-job-system/internal/worker/worker.go:334.21,335.10 1 0
distributed-job-system/internal/worker/worker.go:336.19,337.72 1 0
distributed-job-system/internal/worker/worker.go:337.72,343.13 2 0
distributed-job-system/internal/worker/worker.go:345.4,349.5 2 0
distributed-job-system/cmd/server/main.go:23.81,29.6 4 0
distributed-job-system/cmd/server/main.go:29.6,30.10 1 0
distributed-job-system/cmd/server/main.go:31.21,33.10 2 0
distributed-job-system/cmd/server/main.go:34.19,36.18 2 0
distributed-job-system/cmd/server/main.go:36.18,40.13 2 0
distributed-job-system/cmd/server/main.go:42.4,42.13 1 0
distributed-job-system/cmd/server/main.go:42.13,48.5 2 0
distributed-job-system/cmd/server/main.go:53.87,60.6 4 0
distributed-job-system/cmd/server/main.go:60.6,61.10 1 0
distributed-job-system/cmd/server/main.go:62.21,64.10 2 0
distributed-job-system/cmd/server/main.go:65.19,67.18 2 0
distributed-job-system/cmd/server/main.go:67.18,69.13 2 0
distributed-job-system/cmd/server/main.go:71.4,71.13 1 0
distributed-job-system/cmd/server/main.go:71.13,74.5 2 0
distributed-job-system/cmd/server/main.go:79.89,86.6 4 0
distributed-job-system/cmd/server/main.go:86.6,87.10 1 0
distributed-job-system/cmd/server/main.go:88.21,90.10 2 0
distributed-job-system/cmd/server/main.go:91.19,93.18 2 0
distributed-job-system/cmd/server/main.go:93.18,95.13 2 0
distributed-job-system/cmd/server/main.go:97.4,100.58 4 0
distributed-job-system/cmd/server/main.go:105.13,108.16 2 0
distributed-job-system/cmd/server/main.go:108.16,110.3 1 0
distributed-job-system/cmd/server/main.go:112.2,127.40 7 0
distributed-job-system/cmd/server/main.go:127.40,129.3 1 0
distributed-job-system/cmd/server/main.go:131.2,138.40 5 0
distributed-job-system/cmd/server/main.go:138.40,144.3 2 0
distributed-job-system/cmd/server/main.go:146.2,172.12 15 0
distributed-job-system/cmd/server/main.go:172.12,177.80 2 0
distributed-job-system/cmd/server/main.go:177.80,179.4 1 0
distributed-job-system/cmd/server/main.go:182.2,194.62 6 0
distributed-job-system/cmd/server/main.go:194.62,199.3 1 0
distributed-job-system/internal/config/config.go:44.30,48.41 3 0
distributed-job-system/internal/config/config.go:48.41,49.45 1 0
distributed-job-system/internal/config/config.go:49.45,51.4 1 0
distributed-job-system/internal/config/config.go:52.3,52.24 1 0
distributed-job-system/internal/config/config.go:53.8,53.43 1 0
distributed-job-system/internal/config/config.go:53.43,56.3 1 0
distributed-job-system/internal/config/config.go:58.2,58.38 1 0
distributed-job-system/internal/config/config.go:58.38,60.3 1 0
distributed-job-system/internal/config/config.go:62.2,62.39 1 0
distributed-job-system/internal/config/config.go:62.39,64.3 1 0
distributed-job-system/internal/config/config.go:66.2,66.17 1 0
distributed-job-system/internal/config/config.go:69.25,82.2 1 0
distributed-job-system/internal/config/config.go:84.47,86.16 2 0
distributed-job-system/internal/config/config.go:86.16,88.3 1 0
distributed-job-system/internal/config/config.go:90.2,91.50 2 0
distributed-job-system/internal/config/config.go:91.50,93.3 1 0
distributed-job-system/internal/config/config.go:95.2,95.23 1 0
distributed-job-system/internal/config/config.go:95.23,97.3 1 0
distributed-job-system/internal/config/config.go:98.2,98.24 1 0
distributed-job-system/internal/config/config.go:98.24,100.3 1 0
distributed-job-system/internal/config/config.go:101.2,101.27 1 0
distributed-job-system/internal/config/config.go:101.27,103.3 1 0
distributed-job-system/internal/config/config.go:104.2,104.26 1 0
distributed-job-system/internal/config/config.go:104.26,106.3 1 0
distributed-job-system/internal/config/config.go:107.2,107.32 1 0
distributed-job-system/internal/config/config.go:107.32,109.17 2 0
distributed-job-system/internal/config/config.go:109.17,111.4 1 0
distributed-job-system/internal/config/config.go:112.3,112.28 1 0
distributed-job-system/internal/config/config.go:114.2,114.29 1 0
distributed-job-system/internal/config/config.go:114.29,116.17 2 0
distributed-job-system/internal/config/config.go:116.17,118.4 1 0
distributed-job-system/internal/config/config.go:119.3,119.25 1 0
distributed-job-system/internal/config/config.go:121.2,121.35 1 0
distributed-job-system/internal/config/config.go:121.35,123.17 2 0
distributed-job-system/internal/config/config.go:123.17,125.4 1 0
distributed-job-system/internal/config/config.go:126.3,126.31 1 0
distributed-job-system/internal/config/config.go:128.2,128.30 1 0
distributed-job-system/internal/config/config.go:128.30,130.17 2 0
distributed-job-system/internal/config/config.go:130.17,132.4 1 0
distributed-job-system/internal/config/config.go:133.3,133.26 1 0
distributed-job-system/internal/config/config.go:136.2,136.12 1 0
distributed-job-system/internal/config/config.go:139.34,140.42 1 0
distributed-job-system/internal/config/config.go:140.42,142.3 1 0
distributed-job-system/internal/config/config.go:143.2,143.43 1 0
distributed-job-system/internal/config/config.go:143.43,145.3 1 0
distributed-job-system/internal/config/config.go:147.2,147.45 1 0
distributed-job-system/internal/config/config.go:147.45,149.17 2 0
distributed-job-system/internal/config/config.go:149.17,151.4 1 0
distributed-job-system/internal/config/config.go:152.3,152.22 1 0
distributed-job-system/internal/config/config.go:155.2,155.44 1 0
distributed-job-system/internal/config/config.go:155.44,157.17 2 0
distributed-job-system/internal/config/config.go:157.17,159.4 1 0
distributed-job-system/internal/config/config.go:160.3,160.21 1 0
distributed-job-system/internal/config/config.go:163.2,163.51 1 0
distributed-job-system/internal/config/config.go:163.51,165.17 2 0
distributed-job-system/internal/config/config.go:165.17,167.4 1 0
distributed-job-system/internal/config/config.go:168.3,168.28 1 0
distributed-job-system/internal/config/config.go:171.2,171.48 1 0
distributed-job-system/internal/config/config.go:171.48,173.17 2 0
distributed-job-system/internal/config/config.go:173.17,175.4 1 0
distributed-job-system/internal/config/config.go:176.3,176.25 1 0
distributed-job-system/internal/config/config.go:179.2,179.55 1 0
distributed-job-system/internal/config/config.go:179.55,181.17 2 0
distributed-job-system/internal/config/config.go:181.17,183.4 1 0
distributed-job-system/internal/config/config.go:184.3,184.31 1 0
distributed-job-system/internal/config/config.go:187.2,187.49 1 0
distributed-job-system/internal/config/config.go:187.49,189.17 2 0
distributed-job-system/internal/config/config.go:189.17,191.4 1 0
distributed-job-system/internal/config/config.go:192.3,192.26 1 0
distributed-job-system/internal/config/config.go:195.2,195.43 1 0
distributed-job-system/internal/config/config.go:195.43,197.3 1 0
distributed-job-system/internal/config/config.go:199.2,199.42 1 0
distributed-job-system/internal/config/config.go:199.42,201.3 1 0
distributed-job-system/internal/config/config.go:203.2,203.12 1 0
distributed-job-system/internal/config/config.go:206.35,209.42 2 0
distributed-job-system/internal/config/config.go:209.42,211.3 1 0
distributed-job-system/internal/config/config.go:212.2,212.41 1 0
distributed-job-system/internal/config/config.go:212.41,214.3 1 0
distributed-job-system/internal/config/config.go:215.2,215.24 1 0
distributed-job-system/internal/config/config.go:215.24,217.3 1 0
distributed-job-system/internal/config/config.go:218.2,218.22 1 0
distributed-job-system/internal/config/config.go:218.22,220.3 1 0
distributed-job-system/internal/config/config.go:221.2,221.30 1 0
distributed-job-system/internal/config/config.go:221.30,223.3 1 0
distributed-job-system/internal/config/config.go:224.2,224.27 1 0
distributed-job-system/internal/config/config.go:224.27,226.3 1 0
distributed-job-system/internal/config/config.go:227.2,227.33 1 0
distributed-job-system/internal/config/config.go:227.33,229.3 1 0
distributed-job-system/internal/config/config.go:230.2,230.28 1 0
distributed-job-system/internal/config/config.go:230.28,232.3 1 0
distributed-job-system/internal/config/config.go:234.2,234.44 1 0
distributed-job-system/internal/config/config.go:234.44,236.3 1 0
distributed-job-system/internal/config/config.go:238.2,238.19 1 0
distributed-job-system/internal/config/config.go:238.19,240.3 1 0
distributed-job-system/internal/config/config.go:241.2,241.12 1 0
distributed-job-system/internal/config/config.go:244.45,245.27 1 0
distributed-job-system/internal/config/config.go:245.27,246.33 1 0
distributed-job-system/internal/config/config.go:246.33,248.4 1 0
distributed-job-system/internal/config/config.go:250.2,250.11 1 0
distributed-job-system/internal/handlers/dead_jobs.go:12.59,13.54 1 0
distributed-job-system/internal/handlers/dead_jobs.go:13.54,16.17 2 0
distributed-job-system/internal/handlers/dead_jobs.go:16.17,19.4 2 0
distributed-job-system/internal/handlers/dead_jobs.go:21.3,26.57 2 0
distributed-job-system/internal/handlers/dead_jobs.go:26.57,29.4 2 0
distributed-job-system/internal/handlers/dead_jobs.go:33.65,34.54 1 0
distributed-job-system/internal/handlers/dead_jobs.go:34.54,37.15 2 0
distributed-job-system/internal/handlers/dead_jobs.go:37.15,40.4 2 0
distributed-job-system/internal/handlers/dead_jobs.go:42.3,44.17 2 0
distributed-job-system/internal/handlers/dead_jobs.go:44.17,45.33 1 0
distributed-job-system/internal/handlers/dead_jobs.go:45.33,49.5 2 0
distributed-job-system/internal/handlers/dead_jobs.go:51.4,52.10 2 0
distributed-job-system/internal/handlers/dead_jobs.go:56.3,66.18 3 0
distributed-job-system/internal/handlers/dead_jobs.go:66.18,69.4 2 0
distributed-job-system/internal/handlers/health.go:22.39,23.54 1 0
distributed-job-system/internal/handlers/health.go:23.54,29.3 3 0
distributed-job-system/internal/handlers/health.go:33.57,34.54 1 0
distributed-job-system/internal/handlers/health.go:34.54,40.37 4 0
distributed-job-system/internal/handlers/health.go:40.37,47.4 3 0
distributed-job-system/internal/handlers/health.go:49.3,53.5 2 0
distributed-job-system/internal/handlers/jobs.go:11.58,13.54 1 0
distributed-job-system/internal/handlers/jobs.go:13.54,20.15 2 0
distributed-job-system/internal/handlers/jobs.go:20.15,29.4 2 0
distributed-job-system/internal/handlers/jobs.go:31.3,36.17 2 0
distributed-job-system/internal/handlers/jobs.go:36.17,45.4 2 0
distributed-job-system/internal/handlers/jobs.go:47.3,52.56 2 0
distributed-job-system/internal/handlers/jobs.go:52.56,55.4 2 0
distributed-job-system/internal/logger/logger.go:21.33,23.51 2 1
distributed-job-system/internal/logger/logger.go:24.15,25.24 1 1
distributed-job-system/internal/logger/logger.go:26.25,27.23 1 1
distributed-job-system/internal/logger/logger.go:28.15,29.24 1 0
distributed-job-system/internal/logger/logger.go:30.10,31.23 1 1
distributed-job-system/internal/logger/logger.go:34.2,37.52 3 1
distributed-job-system/internal/logger/logger.go:38.14,39.49 1 1
distributed-job-system/internal/logger/logger.go:40.10,41.49 1 1
distributed-job-system/internal/logger/logger.go:44.2,45.22 2 1
distributed-job-system/internal/logger/logger.go:49.52,50.16 1 1
distributed-job-system/internal/logger/logger.go:50.16,52.3 1 1
distributed-job-system/internal/logger/logger.go:54.2,56.62 2 1
distributed-job-system/internal/logger/logger.go:56.62,58.3 1 1
distributed-job-system/internal/logger/logger.go:59.2,59.58 1 1
distributed-job-system/internal/logger/logger.go:59.58,61.3 1 1
distributed-job-system/internal/logger/logger.go:62.2,62.47 1 1
distributed-job-system/internal/logger/logger.go:62.47,64.3 1 1
distributed-job-system/internal/logger/logger.go:66.2,66.61 1 1
distributed-job-system/internal/logger/logger.go:66.61,68.3 1 0
distributed-job-system/internal/logger/logger.go:70.2,70.20 1 1
distributed-job-system/internal/logger/logger.go:70.20,72.3 1 1
distributed-job-system/internal/logger/logger.go:73.2,73.26 1 1
distributed-job-system/internal/logger/logger.go:78.68,80.2 1 1
distributed-job-system/internal/logger/logger.go:82.64,84.2 1 1
distributed-job-system/internal/logger/logger.go:86.64,88.2 1 1
distributed-job-system/internal/logger/logger.go:90.51,91.51 1 1
distributed-job-system/internal/logger/logger.go:91.51,93.3 1 1
distributed-job-system/internal/logger/logger.go:94.2,94.11 1 1
distributed-job-system/internal/logger/logger.go:97.47,98.47 1 1
distributed-job-system/internal/logger/logger.go:98.47,100.3 1 1
distributed-job-system/internal/logger/logger.go:101.2,101.11 1 1
distributed-job-system/internal/metrics/metrics.go:154.13,177.2 1 0
distributed-job-system/internal/middleware/request_id.go:13.48,14.71 1 0
distributed-job-system/internal/middleware/request_id.go:14.71,16.15 2 0
distributed-job-system/internal/middleware/request_id.go:16.15,18.4 1 0
distributed-job-system/internal/middleware/request_id.go:20.3,30.40 4 0
distributed-job-system/internal/producer/handler.go:21.52,23.54 1 0
distributed-job-system/internal/producer/handler.go:23.54,28.62 4 0
distributed-job-system/internal/producer/handler.go:28.62,31.4 2 0
distributed-job-system/internal/producer/handler.go:33.3,49.48 3 0
distributed-job-system/internal/producer/handler.go:49.48,55.10 3 0
distributed-job-system/internal/producer/handler.go:57.3,59.45 2 0
distributed-job-system/internal/producer/handler.go:59.45,63.4 2 0
distributed-job-system/internal/producer/handler.go:65.3,70.18 2 0
distributed-job-system/internal/producer/handler.go:70.18,73.4 2 0
distributed-job-system/internal/queue/redis.go:185.81,186.15 1 0
distributed-job-system/internal/queue/redis.go:186.15,188.3 1 0
distributed-job-system/internal/queue/redis.go:189.2,189.63 1 0
distributed-job-system/internal/queue/redis.go:193.75,194.15 1 0
distributed-job-system/internal/queue/redis.go:194.15,196.3 1 0
distributed-job-system/internal/queue/redis.go:198.2,202.12 5 0
distributed-job-system/internal/queue/redis.go:205.54,207.2 1 0
distributed-job-system/internal/queue/redis.go:209.45,216.2 2 0
distributed-job-system/internal/queue/redis.go:218.68,221.16 2 0
distributed-job-system/internal/queue/redis.go:221.16,223.3 1 0
distributed-job-system/internal/queue/redis.go:225.2,225.48 1 0
distributed-job-system/internal/queue/redis.go:228.66,231.16 2 0
distributed-job-system/internal/queue/redis.go:231.16,233.3 1 0
distributed-job-system/internal/queue/redis.go:235.2,238.16 3 0
distributed-job-system/internal/queue/redis.go:238.16,240.3 1 0
distributed-job-system/internal/queue/redis.go:242.2,242.18 1 0
distributed-job-system/internal/queue/redis.go:245.71,248.16 2 0
distributed-job-system/internal/queue/redis.go:248.16,250.3 1 0
distributed-job-system/internal/queue/redis.go:252.2,256.22 1 0
distributed-job-system/internal/queue/redis.go:260.80,267.16 2 0
distributed-job-system/internal/queue/redis.go:267.16,269.3 1 0
distributed-job-system/internal/queue/redis.go:271.2,276.16 2 0
distributed-job-system/internal/queue/redis.go:276.16,279.3 1 0
distributed-job-system/internal/queue/redis.go:281.2,281.18 1 0
distributed-job-system/internal/queue/redis.go:284.84,287.16 2 0
distributed-job-system/internal/queue/redis.go:287.16,289.3 1 0
distributed-job-system/internal/queue/redis.go:291.2,295.9 1 0
distributed-job-system/internal/queue/redis.go:299.80,307.16 2 0
distributed-job-system/internal/queue/redis.go:307.16,309.3 1 0
distributed-job-system/internal/queue/redis.go:311.2,313.31 2 0
distributed-job-system/internal/queue/redis.go:313.31,316.61 2 0
distributed-job-system/internal/queue/redis.go:316.61,317.12 1 0
distributed-job-system/internal/queue/redis.go:320.3,320.35 1 0
distributed-job-system/internal/queue/redis.go:323.2,323.22 1 0
distributed-job-system/internal/queue/redis.go:326.87,327.14 1 0
distributed-job-system/internal/queue/redis.go:327.14,329.3 1 0
distributed-job-system/internal/queue/redis.go:331.2,332.16 2 0
distributed-job-system/internal/queue/redis.go:332.16,334.3 1 0
distributed-job-system/internal/queue/redis.go:336.2,337.31 2 0
distributed-job-system/internal/queue/redis.go:337.31,339.65 2 0
distributed-job-system/internal/queue/redis.go:339.65,340.12 1 0
distributed-job-system/internal/queue/redis.go:342.3,342.23 1 0
distributed-job-system/internal/queue/redis.go:342.23,344.9 2 0
distributed-job-system/internal/queue/redis.go:347.2,347.19 1 0
distributed-job-system/internal/queue/redis.go:347.19,349.3 1 0
distributed-job-system/internal/queue/redis.go:351.2,361.16 9 0
distributed-job-system/internal/queue/redis.go:361.16,363.3 1 0
distributed-job-system/internal/queue/redis.go:365.2,373.22 2 0
distributed-job-system/internal/queue/redis.go:373.22,375.3 1 0
distributed-job-system/internal/queue/redis.go:376.2,376.16 1 0
distributed-job-system/internal/queue/redis.go:376.16,378.3 1 0
distributed-job-system/internal/queue/redis.go:380.2,380.32 1 0
distributed-job-system/internal/queue/redis.go:380.32,382.3 1 0
distributed-job-system/internal/queue/redis.go:384.2,384.44 1 0
distributed-job-system/internal/queue/redis.go:384.44,386.3 1 0
distributed-job-system/internal/queue/redis.go:388.2,388.18 1 0
distributed-job-system/internal/queue/redis.go:391.101,394.16 2 0
distributed-job-system/internal/queue/redis.go:394.16,396.3 1 0
distributed-job-system/internal/queue/redis.go:398.2,400.64 2 0
distributed-job-system/internal/queue/redis.go:400.64,402.3 1 0
distributed-job-system/internal/queue/redis.go:404.2,414.16 3 0
distributed-job-system/internal/queue/redis.go:414.16,418.3 2 0
distributed-job-system/internal/queue/redis.go:420.2,420.18 1 0
distributed-job-system/internal/queue/redis.go:423.67,433.2 2 0
distributed-job-system/internal/queue/redis.go:435.105,447.2 3 0
distributed-job-system/internal/queue/redis.go:449.68,452.16 2 0
distributed-job-system/internal/queue/redis.go:452.16,454.3 1 0
distributed-job-system/internal/queue/redis.go:456.2,460.12 5 0
distributed-job-system/internal/queue/redis.go:463.68,473.16 3 0
distributed-job-system/internal/queue/redis.go:473.16,475.3 1 0
distributed-job-system/internal/queue/redis.go:476.2,477.25 2 0
distributed-job-system/internal/queue/redis.go:477.25,479.17 2 0
distributed-job-system/internal/queue/redis.go:479.17,481.12 2 0
distributed-job-system/internal/queue/redis.go:484.3,485.17 2 0
distributed-job-system/internal/queue/redis.go:485.17,486.12 1 0
distributed-job-system/internal/queue/redis.go:489.3,497.31 2 0
distributed-job-system/internal/queue/redis.go:497.31,499.4 1 0
distributed-job-system/internal/queue/redis.go:501.2,501.19 1 0
distributed-job-system/internal/queue/redis.go:504.93,507.44 2 0
distributed-job-system/internal/queue/redis.go:507.44,509.3 1 0
distributed-job-system/internal/queue/redis.go:511.2,519.12 2 0
distributed-job-system/internal/queue/redis.go:522.77,532.16 3 0
distributed-job-system/internal/queue/redis.go:532.16,534.3 1 0
distributed-job-system/internal/queue/redis.go:536.2,537.25 2 0
distributed-job-system/internal/queue/redis.go:537.25,539.17 2 0
distributed-job-system/internal/queue/redis.go:539.17,542.12 2 0
distributed-job-system/internal/queue/redis.go:545.3,548.17 3 0
distributed-job-system/internal/queue/redis.go:548.17,549.12 1 0
distributed-job-system/internal/queue/redis.go:552.3,562.31 3 0
distributed-job-system/internal/queue/redis.go:562.31,564.4 1 0
distributed-job-system/internal/queue/redis.go:567.2,567.24 1 0
distributed-job-system/internal/queue/redis.go:570.103,571.16 1 0
distributed-job-system/internal/queue/redis.go:571.16,573.3 1 0
distributed-job-system/internal/queue/redis.go:575.2,587.16 4 0
distributed-job-system/internal/queue/redis.go:587.16,589.3 1 0
distributed-job-system/internal/queue/redis.go:590.2,590.25 1 0
distributed-job-system/internal/queue/redis.go:594.84,598.2 3 0
distributed-job-system/internal/queue/redis.go:600.69,607.42 6 0
distributed-job-system/internal/queue/redis.go:607.42,609.3 1 0
distributed-job-system/internal/queue/redis.go:611.2,616.8 1 0
distributed-job-system/internal/retry/backoff.go:5.53,12.2 3 0
distributed-job-system/internal/worker/limits.go:13.46,14.56 1 0
distributed-job-system/internal/worker/limits.go:14.56,16.3 1 0
distributed-job-system/internal/worker/limits.go:17.2,17.31 1 0
distributed-job-system/internal/worker/limits.go:21.13,24.2 1 0
distributed-job-system/internal/worker/print_handler.go:13.72,27.16 6 0
distributed-job-system/internal/worker/print_handler.go:27.16,29.3 1 0
distributed-job-system/internal/worker/print_handler.go:31.2,35.12 2 0
distributed-job-system/internal/worker/registry.go:15.30,19.2 1 0
distributed-job-system/internal/worker/registry.go:21.65,23.20 1 0
distributed-job-system/internal/worker/registry.go:23.20,24.27 1 0
distributed-job-system/internal/worker/registry.go:27.2,27.46 1 0
distributed-job-system/internal/worker/registry.go:27.46,28.50 1 0
distributed-job-system/internal/worker/registry.go:31.2,31.31 1 0
distributed-job-system/internal/worker/registry.go:34.69,42.9 3 0
distributed-job-system/internal/worker/registry.go:42.9,45.3 2 0
distributed-job-system/internal/worker/registry.go:46.2,46.34 1 0
distributed-job-system/internal/worker/worker.go:22.69,29.2 1 0
distributed-job-system/internal/worker/worker.go:31.88,38.6 2 0
distributed-job-system/internal/worker/worker.go:38.6,40.10 1 0
distributed-job-system/internal/worker/worker.go:42.21,48.10 2 0
distributed-job-system/internal/worker/worker.go:50.11,53.18 2 0
distributed-job-system/internal/worker/worker.go:53.18,54.25 1 0
distributed-job-system/internal/worker/worker.go:54.25,60.6 2 0
distributed-job-system/internal/worker/worker.go:62.5,69.13 3 0
distributed-job-system/internal/worker/worker.go:72.4,79.59 7 0
distributed-job-system/internal/worker/worker.go:79.59,87.13 4 0
distributed-job-system/internal/worker/worker.go:90.4,94.18 4 0
distributed-job-system/internal/worker/worker.go:94.18,101.13 3 0
distributed-job-system/internal/worker/worker.go:104.4,104.17 1 0
distributed-job-system/internal/worker/worker.go:104.17,117.13 5 0
distributed-job-system/internal/worker/worker.go:121.4,121.17 1 0
distributed-job-system/internal/worker/worker.go:121.17,122.77 1 0
distributed-job-system/internal/worker/worker.go:122.77,128.6 1 0
distributed-job-system/internal/worker/worker.go:131.4,131.40 1 0
distributed-job-system/internal/worker/worker.go:131.40,136.19 3 0
distributed-job-system/internal/worker/worker.go:136.19,144.14 3 0
distributed-job-system/internal/worker/worker.go:147.5,147.18 1 0
distributed-job-system/internal/worker/worker.go:147.18,160.14 6 0
distributed-job-system/internal/worker/worker.go:164.4,173.20 7 0
distributed-job-system/internal/worker/worker.go:173.20,175.5 1 0
distributed-job-system/internal/worker/worker.go:177.4,177.22 1 0
distributed-job-system/internal/worker/worker.go:177.22,188.47 3 0
distributed-job-system/internal/worker/worker.go:188.47,212.70 10 0
distributed-job-system/internal/worker/worker.go:212.70,220.15 3 0
distributed-job-system/internal/worker/worker.go:223.6,223.14 1 0
distributed-job-system/internal/worker/worker.go:226.5,234.19 6 0
distributed-job-system/internal/worker/worker.go:234.19,241.6 2 0
distributed-job-system/internal/worker/worker.go:243.5,264.66 3 0
distributed-job-system/internal/worker/worker.go:264.66,271.6 1 0
distributed-job-system/internal/worker/worker.go:271.11,279.6 2 0
distributed-job-system/internal/worker/worker.go:280.5,281.13 2 0
distributed-job-system/internal/worker/worker.go:284.4,292.40 6 0
distributed-job-system/internal/worker/worker.go:292.40,294.63 2 0
distributed-job-system/internal/worker/worker.go:294.63,301.6 1 0
distributed-job-system/internal/worker/worker.go:304.4,304.58 1 0
distributed-job-system/internal/worker/worker.go:304.58,310.5 1 0
distributed-job-system/internal/worker/worker.go:312.4,317.5 1 0
distributed-job-system/internal/worker/worker.go:322.86,325.30 2 0
distributed-job-system/internal/worker/worker.go:325.30,327.3 1 0
distributed-job-system/internal/worker/worker.go:329.2,332.6 3 0
distributed-job-system/internal/worker/worker.go:332.6,333.10 1 0
distributed-job-system/internal/worker/worker.go:334.21,335.10 1 0
distributed-job-system/internal/worker/worker.go:336.19,337.72 1 0
distributed-job-system/internal/worker/worker.go:337.72,343.13 2 0
distributed-job-system/internal/worker/worker.go:345.4,349.5 2 0
distributed-job-system/cmd/server/main.go:23.81,29.6 4 0
distributed-job-system/cmd/server/main.go:29.6,30.10 1 0
distributed-job-system/cmd/server/main.go:31.21,33.10 2 0
distributed-job-system/cmd/server/main.go:34.19,36.18 2 0
distributed-job-system/cmd/server/main.go:36.18,40.13 2 0
distributed-job-system/cmd/server/main.go:42.4,42.13 1 0
distributed-job-system/cmd/server/main.go:42.13,48.5 2 0
distributed-job-system/cmd/server/main.go:53.87,60.6 4 0
distributed-job-system/cmd/server/main.go:60.6,61.10 1 0
distributed-job-system/cmd/server/main.go:62.21,64.10 2 0
distributed-job-system/cmd/server/main.go:65.19,67.18 2 0
distributed-job-system/cmd/server/main.go:67.18,69.13 2 0
distributed-job-system/cmd/server/main.go:71.4,71.13 1 0
distributed-job-system/cmd/server/main.go:71.13,74.5 2 0
distributed-job-system/cmd/server/main.go:79.89,86.6 4 0
distributed-job-system/cmd/server/main.go:86.6,87.10 1 0
distributed-job-system/cmd/server/main.go:88.21,90.10 2 0
distributed-job-system/cmd/server/main.go:91.19,93.18 2 0
distributed-job-system/cmd/server/main.go:93.18,95.13 2 0
distributed-job-system/cmd/server/main.go:97.4,100.58 4 0
distributed-job-system/cmd/server/main.go:105.13,108.16 2 0
distributed-job-system/cmd/server/main.go:108.16,110.3 1 0
distributed-job-system/cmd/server/main.go:112.2,127.40 7 0
distributed-job-system/cmd/server/main.go:127.40,129.3 1 0
distributed-job-system/cmd/server/main.go:131.2,138.40 5 0
distributed-job-system/cmd/server/main.go:138.40,144.3 2 0
distributed-job-system/cmd/server/main.go:146.2,172.12 15 0
distributed-job-system/cmd/server/main.go:172.12,177.80 2 0
distributed-job-system/cmd/server/main.go:177.80,179.4 1 0
distributed-job-system/cmd/server/main.go:182.2,194.62 6 0
distributed-job-system/cmd/server/main.go:194.62,199.3 1 0
distributed-job-system/internal/config/config.go:44.30,48.41 3 0
distributed-job-system/internal/config/config.go:48.41,49.45 1 0
distributed-job-system/internal/config/config.go:49.45,51.4 1 0
distributed-job-system/internal/config/config.go:52.3,52.24 1 0
distributed-job-system/internal/config/config.go:53.8,53.43 1 0
distributed-job-system/internal/config/config.go:53.43,56.3 1 0
distributed-job-system/internal/config/config.go:58.2,58.38 1 0
distributed-job-system/internal/config/config.go:58.38,60.3 1 0
distributed-job-system/internal/config/config.go:62.2,62.39 1 0
distributed-job-system/internal/config/config.go:62.39,64.3 1 0
distributed-job-system/internal/config/config.go:66.2,66.17 1 0
distributed-job-system/internal/config/config.go:69.25,82.2 1 0
distributed-job-system/internal/config/config.go:84.47,86.16 2 0
distributed-job-system/internal/config/config.go:86.16,88.3 1 0
distributed-job-system/internal/config/config.go:90.2,91.50 2 0
distributed-job-system/internal/config/config.go:91.50,93.3 1 0
distributed-job-system/internal/config/config.go:95.2,95.23 1 0
distributed-job-system/internal/config/config.go:95.23,97.3 1 0
distributed-job-system/internal/config/config.go:98.2,98.24 1 0
distributed-job-system/internal/config/config.go:98.24,100.3 1 0
distributed-job-system/internal/config/config.go:101.2,101.27 1 0
distributed-job-system/internal/config/config.go:101.27,103.3 1 0
distributed-job-system/internal/config/config.go:104.2,104.26 1 0
distributed-job-system/internal/config/config.go:104.26,106.3 1 0
distributed-job-system/internal/config/config.go:107.2,107.32 1 0
distributed-job-system/internal/config/config.go:107.32,109.17 2 0
distributed-job-system/internal/config/config.go:109.17,111.4 1 0
distributed-job-system/internal/config/config.go:112.3,112.28 1 0
distributed-job-system/internal/config/config.go:114.2,114.29 1 0
distributed-job-system/internal/config/config.go:114.29,116.17 2 0
distributed-job-system/internal/config/config.go:116.17,118.4 1 0
distributed-job-system/internal/config/config.go:119.3,119.25 1 0
distributed-job-system/internal/config/config.go:121.2,121.35 1 0
distributed-job-system/internal/config/config.go:121.35,123.17 2 0
distributed-job-system/internal/config/config.go:123.17,125.4 1 0
distributed-job-system/internal/config/config.go:126.3,126.31 1 0
distributed-job-system/internal/config/config.go:128.2,128.30 1 0
distributed-job-system/internal/config/config.go:128.30,130.17 2 0
distributed-job-system/internal/config/config.go:130.17,132.4 1 0
distributed-job-system/internal/config/config.go:133.3,133.26 1 0
distributed-job-system/internal/config/config.go:136.2,136.12 1 0
distributed-job-system/internal/config/config.go:139.34,140.42 1 0
distributed-job-system/internal/config/config.go:140.42,142.3 1 0
distributed-job-system/internal/config/config.go:143.2,143.43 1 0
distributed-job-system/internal/config/config.go:143.43,145.3 1 0
distributed-job-system/internal/config/config.go:147.2,147.45 1 0
distributed-job-system/internal/config/config.go:147.45,149.17 2 0
distributed-job-system/internal/config/config.go:149.17,151.4 1 0
distributed-job-system/internal/config/config.go:152.3,152.22 1 0
distributed-job-system/internal/config/config.go:155.2,155.44 1 0
distributed-job-system/internal/config/config.go:155.44,157.17 2 0
distributed-job-system/internal/config/config.go:157.17,159.4 1 0
distributed-job-system/internal/config/config.go:160.3,160.21 1 0
distributed-job-system/internal/config/config.go:163.2,163.51 1 0
distributed-job-system/internal/config/config.go:163.51,165.17 2 0
distributed-job-system/internal/config/config.go:165.17,167.4 1 0
distributed-job-system/internal/config/config.go:168.3,168.28 1 0
distributed-job-system/internal/config/config.go:171.2,171.48 1 0
distributed-job-system/internal/config/config.go:171.48,173.17 2 0
distributed-job-system/internal/config/config.go:173.17,175.4 1 0
distributed-job-system/internal/config/config.go:176.3,176.25 1 0
distributed-job-system/internal/config/config.go:179.2,179.55 1 0
distributed-job-system/internal/config/config.go:179.55,181.17 2 0
distributed-job-system/internal/config/config.go:181.17,183.4 1 0
distributed-job-system/internal/config/config.go:184.3,184.31 1 0
distributed-job-system/internal/config/config.go:187.2,187.49 1 0
distributed-job-system/internal/config/config.go:187.49,189.17 2 0
distributed-job-system/internal/config/config.go:189.17,191.4 1 0
distributed-job-system/internal/config/config.go:192.3,192.26 1 0
distributed-job-system/internal/config/config.go:195.2,195.43 1 0
distributed-job-system/internal/config/config.go:195.43,197.3 1 0
distributed-job-system/internal/config/config.go:199.2,199.42 1 0
distributed-job-system/internal/config/config.go:199.42,201.3 1 0
distributed-job-system/internal/config/config.go:203.2,203.12 1 0
distributed-job-system/internal/config/config.go:206.35,209.42 2 0
distributed-job-system/internal/config/config.go:209.42,211.3 1 0
distributed-job-system/internal/config/config.go:212.2,212.41 1 0
distributed-job-system/internal/config/config.go:212.41,214.3 1 0
distributed-job-system/internal/config/config.go:215.2,215.24 1 0
distributed-job-system/internal/config/config.go:215.24,217.3 1 0
distributed-job-system/internal/config/config.go:218.2,218.22 1 0
distributed-job-system/internal/config/config.go:218.22,220.3 1 0
distributed-job-system/internal/config/config.go:221.2,221.30 1 0
distributed-job-system/internal/config/config.go:221.30,223.3 1 0
distributed-job-system/internal/config/config.go:224.2,224.27 1 0
distributed-job-system/internal/config/config.go:224.27,226.3 1 0
distributed-job-system/internal/config/config.go:227.2,227.33 1 0
distributed-job-system/internal/config/config.go:227.33,229.3 1 0
distributed-job-system/internal/config/config.go:230.2,230.28 1 0
distributed-job-system/internal/config/config.go:230.28,232.3 1 0
distributed-job-system/internal/config/config.go:234.2,234.44 1 0
distributed-job-system/internal/config/config.go:234.44,236.3 1 0
distributed-job-system/internal/config/config.go:238.2,238.19 1 0
distributed-job-system/internal/config/config.go:238.19,240.3 1 0
distributed-job-system/internal/config/config.go:241.2,241.12 1 0
distributed-job-system/internal/config/config.go:244.45,245.27 1 0
distributed-job-system/internal/config/config.go:245.27,246.33 1 0
distributed-job-system/internal/config/config.go:246.33,248.4 1 0
distributed-job-system/internal/config/config.go:250.2,250.11 1 0
distributed-job-system/internal/handlers/dead_jobs.go:12.59,13.54 1 0
distributed-job-system/internal/handlers/dead_jobs.go:13.54,16.17 2 0
distributed-job-system/internal/handlers/dead_jobs.go:16.17,19.4 2 0
distributed-job-system/internal/handlers/dead_jobs.go:21.3,26.57 2 0
distributed-job-system/internal/handlers/dead_jobs.go:26.57,29.4 2 0
distributed-job-system/internal/handlers/dead_jobs.go:33.65,34.54 1 0
distributed-job-system/internal/handlers/dead_jobs.go:34.54,37.15 2 0
distributed-job-system/internal/handlers/dead_jobs.go:37.15,40.4 2 0
distributed-job-system/internal/handlers/dead_jobs.go:42.3,44.17 2 0
distributed-job-system/internal/handlers/dead_jobs.go:44.17,45.33 1 0
distributed-job-system/internal/handlers/dead_jobs.go:45.33,49.5 2 0
distributed-job-system/internal/handlers/dead_jobs.go:51.4,52.10 2 0
distributed-job-system/internal/handlers/dead_jobs.go:56.3,66.18 3 0
distributed-job-system/internal/handlers/dead_jobs.go:66.18,69.4 2 0
distributed-job-system/internal/handlers/health.go:22.39,23.54 1 0
distributed-job-system/internal/handlers/health.go:23.54,29.3 3 0
distributed-job-system/internal/handlers/health.go:33.57,34.54 1 0
distributed-job-system/internal/handlers/health.go:34.54,40.37 4 0
distributed-job-system/internal/handlers/health.go:40.37,47.4 3 0
distributed-job-system/internal/handlers/health.go:49.3,53.5 2 0
distributed-job-system/internal/handlers/jobs.go:11.58,13.54 1 0
distributed-job-system/internal/handlers/jobs.go:13.54,20.15 2 0
distributed-job-system/internal/handlers/jobs.go:20.15,29.4 2 0
distributed-job-system/internal/handlers/jobs.go:31.3,36.17 2 0
distributed-job-system/internal/handlers/jobs.go:36.17,45.4 2 0
distributed-job-system/internal/handlers/jobs.go:47.3,52.56 2 0
distributed-job-system/internal/handlers/jobs.go:52.56,55.4 2 0
distributed-job-system/internal/logger/logger.go:21.33,23.51 2 0
distributed-job-system/internal/logger/logger.go:24.15,25.24 1 0
distributed-job-system/internal/logger/logger.go:26.25,27.23 1 0
distributed-job-system/internal/logger/logger.go:28.15,29.24 1 0
distributed-job-system/internal/logger/logger.go:30.10,31.23 1 0
distributed-job-system/internal/logger/logger.go:34.2,37.52 3 0
distributed-job-system/internal/logger/logger.go:38.14,39.49 1 0
distributed-job-system/internal/logger/logger.go:40.10,41.49 1 0
distributed-job-system/internal/logger/logger.go:44.2,45.22 2 0
distributed-job-system/internal/logger/logger.go:49.52,50.16 1 0
distributed-job-system/internal/logger/logger.go:50.16,52.3 1 0
distributed-job-system/internal/logger/logger.go:54.2,56.62 2 0
distributed-job-system/internal/logger/logger.go:56.62,58.3 1 0
distributed-job-system/internal/logger/logger.go:59.2,59.58 1 0
distributed-job-system/internal/logger/logger.go:59.58,61.3 1 0
distributed-job-system/internal/logger/logger.go:62.2,62.47 1 0
distributed-job-system/internal/logger/logger.go:62.47,64.3 1 0
distributed-job-system/internal/logger/logger.go:66.2,66.61 1 0
distributed-job-system/internal/logger/logger.go:66.61,68.3 1 0
distributed-job-system/internal/logger/logger.go:70.2,70.20 1 0
distributed-job-system/internal/logger/logger.go:70.20,72.3 1 0
distributed-job-system/internal/logger/logger.go:73.2,73.26 1 0
distributed-job-system/internal/logger/logger.go:78.68,80.2 1 0
distributed-job-system/internal/logger/logger.go:82.64,84.2 1 0
distributed-job-system/internal/logger/logger.go:86.64,88.2 1 0
distributed-job-system/internal/logger/logger.go:90.51,91.51 1 0
distributed-job-system/internal/logger/logger.go:91.51,93.3 1 0
distributed-job-system/internal/logger/logger.go:94.2,94.11 1 0
distributed-job-system/internal/logger/logger.go:97.47,98.47 1 0
distributed-job-system/internal/logger/logger.go:98.47,100.3 1 0
distributed-job-system/internal/logger/logger.go:101.2,101.11 1 0
distributed-job-system/internal/metrics/metrics.go:154.13,177.2 1 1
distributed-job-system/internal/middleware/request_id.go:13.48,14.71 1 0
distributed-job-system/internal/middleware/request_id.go:14.71,16.15 2 0
distributed-job-system/internal/middleware/request_id.go:16.15,18.4 1 0
distributed-job-system/internal/middleware/request_id.go:20.3,30.40 4 0
distributed-job-system/internal/producer/handler.go:21.52,23.54 1 0
distributed-job-system/internal/producer/handler.go:23.54,28.62 4 0
distributed-job-system/internal/producer/handler.go:28.62,31.4 2 0
distributed-job-system/internal/producer/handler.go:33.3,49.48 3 0
distributed-job-system/internal/producer/handler.go:49.48,55.10 3 0
distributed-job-system/internal/producer/handler.go:57.3,59.45 2 0
distributed-job-system/internal/producer/handler.go:59.45,63.4 2 0
distributed-job-system/internal/producer/handler.go:65.3,70.18 2 0
distributed-job-system/internal/producer/handler.go:70.18,73.4 2 0
distributed-job-system/internal/queue/redis.go:185.81,186.15 1 0
distributed-job-system/internal/queue/redis.go:186.15,188.3 1 0
distributed-job-system/internal/queue/redis.go:189.2,189.63 1 0
distributed-job-system/internal/queue/redis.go:193.75,194.15 1 0
distributed-job-system/internal/queue/redis.go:194.15,196.3 1 0
distributed-job-system/internal/queue/redis.go:198.2,202.12 5 0
distributed-job-system/internal/queue/redis.go:205.54,207.2 1 0
distributed-job-system/internal/queue/redis.go:209.45,216.2 2 0
distributed-job-system/internal/queue/redis.go:218.68,221.16 2 0
distributed-job-system/internal/queue/redis.go:221.16,223.3 1 0
distributed-job-system/internal/queue/redis.go:225.2,225.48 1 0
distributed-job-system/internal/queue/redis.go:228.66,231.16 2 0
distributed-job-system/internal/queue/redis.go:231.16,233.3 1 0
distributed-job-system/internal/queue/redis.go:235.2,238.16 3 0
distributed-job-system/internal/queue/redis.go:238.16,240.3 1 0
distributed-job-system/internal/queue/redis.go:242.2,242.18 1 0
distributed-job-system/internal/queue/redis.go:245.71,248.16 2 0
distributed-job-system/internal/queue/redis.go:248.16,250.3 1 0
distributed-job-system/internal/queue/redis.go:252.2,256.22 1 0
distributed-job-system/internal/queue/redis.go:260.80,267.16 2 0
distributed-job-system/internal/queue/redis.go:267.16,269.3 1 0
distributed-job-system/internal/queue/redis.go:271.2,276.16 2 0
distributed-job-system/internal/queue/redis.go:276.16,279.3 1 0
distributed-job-system/internal/queue/redis.go:281.2,281.18 1 0
distributed-job-system/internal/queue/redis.go:284.84,287.16 2 0
distributed-job-system/internal/queue/redis.go:287.16,289.3 1 0
distributed-job-system/internal/queue/redis.go:291.2,295.9 1 0
distributed-job-system/internal/queue/redis.go:299.80,307.16 2 0
distributed-job-system/internal/queue/redis.go:307.16,309.3 1 0
distributed-job-system/internal/queue/redis.go:311.2,313.31 2 0
distributed-job-system/internal/queue/redis.go:313.31,316.61 2 0
distributed-job-system/internal/queue/redis.go:316.61,317.12 1 0
distributed-job-system/internal/queue/redis.go:320.3,320.35 1 0
distributed-job-system/internal/queue/redis.go:323.2,323.22 1 0
distributed-job-system/internal/queue/redis.go:326.87,327.14 1 0
distributed-job-system/internal/queue/redis.go:327.14,329.3 1 0
distributed-job-system/internal/queue/redis.go:331.2,332.16 2 0
distributed-job-system/internal/queue/redis.go:332.16,334.3 1 0
distributed-job-system/internal/queue/redis.go:336.2,337.31 2 0
distributed-job-system/internal/queue/redis.go:337.31,339.65 2 0
distributed-job-system/internal/queue/redis.go:339.65,340.12 1 0
distributed-job-system/internal/queue/redis.go:342.3,342.23 1 0
distributed-job-system/internal/queue/redis.go:342.23,344.9 2 0
distributed-job-system/internal/queue/redis.go:347.2,347.19 1 0
distributed-job-system/internal/queue/redis.go:347.19,349.3 1 0
distributed-job-system/internal/queue/redis.go:351.2,361.16 9 0
distributed-job-system/internal/queue/redis.go:361.16,363.3 1 0
distributed-job-system/internal/queue/redis.go:365.2,373.22 2 0
distributed-job-system/internal/queue/redis.go:373.22,375.3 1 0
distributed-job-system/internal/queue/redis.go:376.2,376.16 1 0
distributed-job-system/internal/queue/redis.go:376.16,378.3 1 0
distributed-job-system/internal/queue/redis.go:380.2,380.32 1 0
distributed-job-system/internal/queue/redis.go:380.32,382.3 1 0
distributed-job-system/internal/queue/redis.go:384.2,384.44 1 0
distributed-job-system/internal/queue/redis.go:384.44,386.3 1 0
distributed-job-system/internal/queue/redis.go:388.2,388.18 1 0
distributed-job-system/internal/queue/redis.go:391.101,394.16 2 0
distributed-job-system/internal/queue/redis.go:394.16,396.3 1 0
distributed-job-system/internal/queue/redis.go:398.2,400.64 2 0
distributed-job-system/internal/queue/redis.go:400.64,402.3 1 0
distributed-job-system/internal/queue/redis.go:404.2,414.16 3 0
distributed-job-system/internal/queue/redis.go:414.16,418.3 2 0
distributed-job-system/internal/queue/redis.go:420.2,420.18 1 0
distributed-job-system/internal/queue/redis.go:423.67,433.2 2 0
distributed-job-system/internal/queue/redis.go:435.105,447.2 3 0
distributed-job-system/internal/queue/redis.go:449.68,452.16 2 0
distributed-job-system/internal/queue/redis.go:452.16,454.3 1 0
distributed-job-system/internal/queue/redis.go:456.2,460.12 5 0
distributed-job-system/internal/queue/redis.go:463.68,473.16 3 0
distributed-job-system/internal/queue/redis.go:473.16,475.3 1 0
distributed-job-system/internal/queue/redis.go:476.2,477.25 2 0
distributed-job-system/internal/queue/redis.go:477.25,479.17 2 0
distributed-job-system/internal/queue/redis.go:479.17,481.12 2 0
distributed-job-system/internal/queue/redis.go:484.3,485.17 2 0
distributed-job-system/internal/queue/redis.go:485.17,486.12 1 0
distributed-job-system/internal/queue/redis.go:489.3,497.31 2 0
distributed-job-system/internal/queue/redis.go:497.31,499.4 1 0
distributed-job-system/internal/queue/redis.go:501.2,501.19 1 0
distributed-job-system/internal/queue/redis.go:504.93,507.44 2 0
distributed-job-system/internal/queue/redis.go:507.44,509.3 1 0
distributed-job-system/internal/queue/redis.go:511.2,519.12 2 0
distributed-job-system/internal/queue/redis.go:522.77,532.16 3 0
distributed-job-system/internal/queue/redis.go:532.16,534.3 1 0
distributed-job-system/internal/queue/redis.go:536.2,537.25 2 0
distributed-job-system/internal/queue/redis.go:537.25,539.17 2 0
distributed-job-system/internal/queue/redis.go:539.17,542.12 2 0
distributed-job-system/internal/queue/redis.go:545.3,548.17 3 0
distributed-job-system/internal/queue/redis.go:548.17,549.12 1 0
distributed-job-system/internal/queue/redis.go:552.3,562.31 3 0
distributed-job-system/internal/queue/redis.go:562.31,564.4 1 0
distributed-job-system/internal/queue/redis.go:567.2,567.24 1 0
distributed-job-system/internal/queue/redis.go:570.103,571.16 1 0
distributed-job-system/internal/queue/redis.go:571.16,573.3 1 0
distributed-job-system/internal/queue/redis.go:575.2,587.16 4 0
distributed-job-system/internal/queue/redis.go:587.16,589.3 1 0
distributed-job-system/internal/queue/redis.go:590.2,590.25 1 0
distributed-job-system/internal/queue/redis.go:594.84,598.2 3 0
distributed-job-system/internal/queue/redis.go:600.69,607.42 6 0
distributed-job-system/internal/queue/redis.go:607.42,609.3 1 0
distributed-job-system/internal/queue/redis.go:611.2,616.8 1 0
distributed-job-system/internal/retry/backoff.go:5.53,12.2 3 0
distributed-job-system/internal/worker/limits.go:13.46,14.56 1 0
distributed-job-system/internal/worker/limits.go:14.56,16.3 1 0
distributed-job-system/internal/worker/limits.go:17.2,17.31 1 0
distributed-job-system/internal/worker/limits.go:21.13,24.2 1 0
distributed-job-system/internal/worker/print_handler.go:13.72,27.16 6 0
distributed-job-system/internal/worker/print_handler.go:27.16,29.3 1 0
distributed-job-system/internal/worker/print_handler.go:31.2,35.12 2 0
distributed-job-system/internal/worker/registry.go:15.30,19.2 1 0
distributed-job-system/internal/worker/registry.go:21.65,23.20 1 0
distributed-job-system/internal/worker/registry.go:23.20,24.27 1 0
distributed-job-system/internal/worker/registry.go:27.2,27.46 1 0
distributed-job-system/internal/worker/registry.go:27.46,28.50 1 0
distributed-job-system/internal/worker/registry.go:31.2,31.31 1 0
distributed-job-system/internal/worker/registry.go:34.69,42.9 3 0
distributed-job-system/internal/worker/registry.go:42.9,45.3 2 0
distributed-job-system/internal/worker/registry.go:46.2,46.34 1 0
distributed-job-system/internal/worker/worker.go:22.69,29.2 1 0
distributed-job-system/internal/worker/worker.go:31.88,38.6 2 0
distributed-job-system/internal/worker/worker.go:38.6,40.10 1 0
distributed-job-system/internal/worker/worker.go:42.21,48.10 2 0
distributed-job-system/internal/worker/worker.go:50.11,53.18 2 0
distributed-job-system/internal/worker/worker.go:53.18,54.25 1 0
distributed-job-system/internal/worker/worker.go:54.25,60.6 2 0
distributed-job-system/internal/worker/worker.go:62.5,69.13 3 0
distributed-job-system/internal/worker/worker.go:72.4,79.59 7 0
distributed-job-system/internal/worker/worker.go:79.59,87.13 4 0
distributed-job-system/internal/worker/worker.go:90.4,94.18 4 0
distributed-job-system/internal/worker/worker.go:94.18,101.13 3 0
distributed-job-system/internal/worker/worker.go:104.4,104.17 1 0
distributed-job-system/internal/worker/worker.go:104.17,117.13 5 0
distributed-job-system/internal/worker/worker.go:121.4,121.17 1 0
distributed-job-system/internal/worker/worker.go:121.17,122.77 1 0
distributed-job-system/internal/worker/worker.go:122.77,128.6 1 0
distributed-job-system/internal/worker/worker.go:131.4,131.40 1 0
distributed-job-system/internal/worker/worker.go:131.40,136.19 3 0
distributed-job-system/internal/worker/worker.go:136.19,144.14 3 0
distributed-job-system/internal/worker/worker.go:147.5,147.18 1 0
distributed-job-system/internal/worker/worker.go:147.18,160.14 6 0
distributed-job-system/internal/worker/worker.go:164.4,173.20 7 0
distributed-job-system/internal/worker/worker.go:173.20,175.5 1 0
distributed-job-system/internal/worker/worker.go:177.4,177.22 1 0
distributed-job-system/internal/worker/worker.go:177.22,188.47 3 0
distributed-job-system/internal/worker/worker.go:188.47,212.70 10 0
distributed-job-system/internal/worker/worker.go:212.70,220.15 3 0
distributed-job-system/internal/worker/worker.go:223.6,223.14 1 0
distributed-job-system/internal/worker/worker.go:226.5,234.19 6 0
distributed-job-system/internal/worker/worker.go:234.19,241.6 2 0
distributed-job-system/internal/worker/worker.go:243.5,264.66 3 0
distributed-job-system/internal/worker/worker.go:264.66,271.6 1 0
distributed-job-system/internal/worker/worker.go:271.11,279.6 2 0
distributed-job-system/internal/worker/worker.go:280.5,281.13 2 0
distributed-job-system/internal/worker/worker.go:284.4,292.40 6 0
distributed-job-system/internal/worker/worker.go:292.40,294.63 2 0
distributed-job-system/internal/worker/worker.go:294.63,301.6 1 0
distributed-job-system/internal/worker/worker.go:304.4,304.58 1 0
distributed-job-system/internal/worker/worker.go:304.58,310.5 1 0
distributed-job-system/internal/worker/worker.go:312.4,317.5 1 0
distributed-job-system/internal/worker/worker.go:322.86,325.30 2 0
distributed-job-system/internal/worker/worker.go:325.30,327.3 1 0
distributed-job-system/internal/worker/worker.go:329.2,332.6 3 0
distributed-job-system/internal/worker/worker.go:332.6,333.10 1 0
distributed-job-system/internal/worker/worker.go:334.21,335.10 1 0
distributed-job-system/internal/worker/worker.go:336.19,337.72 1 0
distributed-job-system/internal/worker/worker.go:337.72,343.13 2 0
distributed-job-system/internal/worker/worker.go:345.4,349.5 2 0
distributed-job-system/cmd/server/main.go:23.81,29.6 4 0
distributed-job-system/cmd/server/main.go:29.6,30.10 1 0
distributed-job-system/cmd/server/main.go:31.21,33.10 2 0
distributed-job-system/cmd/server/main.go:34.19,36.18 2 0
distributed-job-system/cmd/server/main.go:36.18,40.13 2 0
distributed-job-system/cmd/server/main.go:42.4,42.13 1 0
distributed-job-system/cmd/server/main.go:42.13,48.5 2 0
distributed-job-system/cmd/server/main.go:53.87,60.6 4 0
distributed-job-system/cmd/server/main.go:60.6,61.10 1 0
distributed-job-system/cmd/server/main.go:62.21,64.10 2 0
distributed-job-system/cmd/server/main.go:65.19,67.18 2 0
distributed-job-system/cmd/server/main.go:67.18,69.13 2 0
distributed-job-system/cmd/server/main.go:71.4,71.13 1 0
distributed-job-system/cmd/server/main.go:71.13,74.5 2 0
distributed-job-system/cmd/server/main.go:79.89,86.6 4 0
distributed-job-system/cmd/server/main.go:86.6,87.10 1 0
distributed-job-system/cmd/server/main.go:88.21,90.10 2 0
distributed-job-system/cmd/server/main.go:91.19,93.18 2 0
distributed-job-system/cmd/server/main.go:93.18,95.13 2 0
distributed-job-system/cmd/server/main.go:97.4,100.58 4 0
distributed-job-system/cmd/server/main.go:105.13,108.16 2 0
distributed-job-system/cmd/server/main.go:108.16,110.3 1 0
distributed-job-system/cmd/server/main.go:112.2,127.40 7 0
distributed-job-system/cmd/server/main.go:127.40,129.3 1 0
distributed-job-system/cmd/server/main.go:131.2,138.40 5 0
distributed-job-system/cmd/server/main.go:138.40,144.3 2 0
distributed-job-system/cmd/server/main.go:146.2,172.12 15 0
distributed-job-system/cmd/server/main.go:172.12,177.80 2 0
distributed-job-system/cmd/server/main.go:177.80,179.4 1 0
distributed-job-system/cmd/server/main.go:182.2,194.62 6 0
distributed-job-system/cmd/server/main.go:194.62,199.3 1 0
distributed-job-system/internal/config/config.go:44.30,48.41 3 0
distributed-job-system/internal/config/config.go:48.41,49.45 1 0
distributed-job-system/internal/config/config.go:49.45,51.4 1 0
distributed-job-system/internal/config/config.go:52.3,52.24 1 0
distributed-job-system/internal/config/config.go:53.8,53.43 1 0
distributed-job-system/internal/config/config.go:53.43,56.3 1 0
distributed-job-system/internal/config/config.go:58.2,58.38 1 0
distributed-job-system/internal/config/config.go:58.38,60.3 1 0
distributed-job-system/internal/config/config.go:62.2,62.39 1 0
distributed-job-system/internal/config/config.go:62.39,64.3 1 0
distributed-job-system/internal/config/config.go:66.2,66.17 1 0
distributed-job-system/internal/config/config.go:69.25,82.2 1 0
distributed-job-system/internal/config/config.go:84.47,86.16 2 0
distributed-job-system/internal/config/config.go:86.16,88.3 1 0
distributed-job-system/internal/config/config.go:90.2,91.50 2 0
distributed-job-system/internal/config/config.go:91.50,93.3 1 0
distributed-job-system/internal/config/config.go:95.2,95.23 1 0
distributed-job-system/internal/config/config.go:95.23,97.3 1 0
distributed-job-system/internal/config/config.go:98.2,98.24 1 0
distributed-job-system/internal/config/config.go:98.24,100.3 1 0
distributed-job-system/internal/config/config.go:101.2,101.27 1 0
distributed-job-system/internal/config/config.go:101.27,103.3 1 0
distributed-job-system/internal/config/config.go:104.2,104.26 1 0
distributed-job-system/internal/config/config.go:104.26,106.3 1 0
distributed-job-system/internal/config/config.go:107.2,107.32 1 0
distributed-job-system/internal/config/config.go:107.32,109.17 2 0
distributed-job-system/internal/config/config.go:109.17,111.4 1 0
distributed-job-system/internal/config/config.go:112.3,112.28 1 0
distributed-job-system/internal/config/config.go:114.2,114.29 1 0
distributed-job-system/internal/config/config.go:114.29,116.17 2 0
distributed-job-system/internal/config/config.go:116.17,118.4 1 0
distributed-job-system/internal/config/config.go:119.3,119.25 1 0
distributed-job-system/internal/config/config.go:121.2,121.35 1 0
distributed-job-system/internal/config/config.go:121.35,123.17 2 0
distributed-job-system/internal/config/config.go:123.17,125.4 1 0
distributed-job-system/internal/config/config.go:126.3,126.31 1 0
distributed-job-system/internal/config/config.go:128.2,128.30 1 0
distributed-job-system/internal/config/config.go:128.30,130.17 2 0
distributed-job-system/internal/config/config.go:130.17,132.4 1 0
distributed-job-system/internal/config/config.go:133.3,133.26 1 0
distributed-job-system/internal/config/config.go:136.2,136.12 1 0
distributed-job-system/internal/config/config.go:139.34,140.42 1 0
distributed-job-system/internal/config/config.go:140.42,142.3 1 0
distributed-job-system/internal/config/config.go:143.2,143.43 1 0
distributed-job-system/internal/config/config.go:143.43,145.3 1 0
distributed-job-system/internal/config/config.go:147.2,147.45 1 0
distributed-job-system/internal/config/config.go:147.45,149.17 2 0
distributed-job-system/internal/config/config.go:149.17,151.4 1 0
distributed-job-system/internal/config/config.go:152.3,152.22 1 0
distributed-job-system/internal/config/config.go:155.2,155.44 1 0
distributed-job-system/internal/config/config.go:155.44,157.17 2 0
distributed-job-system/internal/config/config.go:157.17,159.4 1 0
distributed-job-system/internal/config/config.go:160.3,160.21 1 0
distributed-job-system/internal/config/config.go:163.2,163.51 1 0
distributed-job-system/internal/config/config.go:163.51,165.17 2 0
distributed-job-system/internal/config/config.go:165.17,167.4 1 0
distributed-job-system/internal/config/config.go:168.3,168.28 1 0
distributed-job-system/internal/config/config.go:171.2,171.48 1 0
distributed-job-system/internal/config/config.go:171.48,173.17 2 0
distributed-job-system/internal/config/config.go:173.17,175.4 1 0
distributed-job-system/internal/config/config.go:176.3,176.25 1 0
distributed-job-system/internal/config/config.go:179.2,179.55 1 0
distributed-job-system/internal/config/config.go:179.55,181.17 2 0
distributed-job-system/internal/config/config.go:181.17,183.4 1 0
distributed-job-system/internal/config/config.go:184.3,184.31 1 0
distributed-job-system/internal/config/config.go:187.2,187.49 1 0
distributed-job-system/internal/config/config.go:187.49,189.17 2 0
distributed-job-system/internal/config/config.go:189.17,191.4 1 0
distributed-job-system/internal/config/config.go:192.3,192.26 1 0
distributed-job-system/internal/config/config.go:195.2,195.43 1 0
distributed-job-system/internal/config/config.go:195.43,197.3 1 0
distributed-job-system/internal/config/config.go:199.2,199.42 1 0
distributed-job-system/internal/config/config.go:199.42,201.3 1 0
distributed-job-system/internal/config/config.go:203.2,203.12 1 0
distributed-job-system/internal/config/config.go:206.35,209.42 2 0
distributed-job-system/internal/config/config.go:209.42,211.3 1 0
distributed-job-system/internal/config/config.go:212.2,212.41 1 0
distributed-job-system/internal/config/config.go:212.41,214.3 1 0
distributed-job-system/internal/config/config.go:215.2,215.24 1 0
distributed-job-system/internal/config/config.go:215.24,217.3 1 0
distributed-job-system/internal/config/config.go:218.2,218.22 1 0
distributed-job-system/internal/config/config.go:218.22,220.3 1 0
distributed-job-system/internal/config/config.go:221.2,221.30 1 0
distributed-job-system/internal/config/config.go:221.30,223.3 1 0
distributed-job-system/internal/config/config.go:224.2,224.27 1 0
distributed-job-system/internal/config/config.go:224.27,226.3 1 0
distributed-job-system/internal/config/config.go:227.2,227.33 1 0
distributed-job-system/internal/config/config.go:227.33,229.3 1 0
distributed-job-system/internal/config/config.go:230.2,230.28 1 0
distributed-job-system/internal/config/config.go:230.28,232.3 1 0
distributed-job-system/internal/config/config.go:234.2,234.44 1 0
distributed-job-system/internal/config/config.go:234.44,236.3 1 0
distributed-job-system/internal/config/config.go:238.2,238.19 1 0
distributed-job-system/internal/config/config.go:238.19,240.3 1 0
distributed-job-system/internal/config/config.go:241.2,241.12 1 0
distributed-job-system/internal/config/config.go:244.45,245.27 1 0
distributed-job-system/internal/config/config.go:245.27,246.33 1 0
distributed-job-system/internal/config/config.go:246.33,248.4 1 0
distributed-job-system/internal/config/config.go:250.2,250.11 1 0
[...]
distributed-job-system/internal/config/config.go:128.30,130.17 2 0
distributed-job-system/internal/config/config.go:130.17,132.4 1 0
distributed-job-system/internal/config/config.go:133.3,133.26 1 0
distributed-job-system/internal/config/config.go:136.2,136.12 1 0
distributed-job-system/internal/config/config.go:139.34,140.42 1 0
distributed-job-system/internal/config/config.go:140.42,142.3 1 0
distributed-job-system/internal/config/config.go:143.2,143.43 1 0
distributed-job-system/internal/config/config.go:143.43,145.3 1 0
distributed-job-system/internal/config/config.go:147.2,147.45 1 0
distributed-job-system/internal/config/config.go:147.45,149.17 2 0
distributed-job-system/internal/config/config.go:149.17,151.4 1 0
distributed-job-system/internal/config/config.go:152.3,152.22 1 0
distributed-job-system/internal/config/config.go:155.2,155.44 1 0
distributed-job-system/internal/config/config.go:155.44,157.17 2 0
distributed-job-system/internal/config/config.go:157.17,159.4 1 0
distributed-job-system/internal/config/config.go:160.3,160.21 1 0
distributed-job-system/internal/config/config.go:163.2,163.51 1 0
distributed-job-system/internal/config/config.go:163.51,165.17 2 0
distributed-job-system/internal/config/config.go:165.17,167.4 1 0
distributed-job-system/internal/config/config.go:168.3,168.28 1 0
distributed-job-system/internal/config/config.go:171.2,171.48 1 0
distributed-job-system/internal/config/config.go:171.48,173.17 2 0
distributed-job-system/internal/config/config.go:173.17,175.4 1 0
distributed-job-system/internal/config/config.go:176.3,176.25 1 0
distributed-job-system/internal/config/config.go:179.2,179.55 1 0
distributed-job-system/internal/config/config.go:179.55,181.17 2 0
distributed-job-system/internal/config/config.go:181.17,183.4 1 0
distributed-job-system/internal/config/config.go:184.3,184.31 1 0
distributed-job-system/internal/config/config.go:187.2,187.49 1 0
distributed-job-system/internal/config/config.go:187.49,189.17 2 0
distributed-job-system/internal/config/config.go:189.17,191.4 1 0
distributed-job-system/internal/config/config.go:192.3,192.26 1 0
distributed-job-system/internal/config/config.go:195.2,195.43 1 0
distributed-job-system/internal/config/config.go:195.43,197.3 1 0
distributed-job-system/internal/config/config.go:199.2,199.42 1 0
distributed-job-system/internal/config/config.go:199.42,201.3 1 0
distributed-job-system/internal/config/config.go:203.2,203.12 1 0
distributed-job-system/internal/config/config.go:206.35,209.42 2 0
distributed-job-system/internal/config/config.go:209.42,211.3 1 0
distributed-job-system/internal/config/config.go:212.2,212.41 1 0
distributed-job-system/internal/config/config.go:212.41,214.3 1 0
distributed-job-system/internal/config/config.go:215.2,215.24 1 0
distributed-job-system/internal/config/config.go:215.24,217.3 1 0
distributed-job-system/internal/config/config.go:218.2,218.22 1 0
distributed-job-system/internal/config/config.go:218.22,220.3 1 0
distributed-job-system/internal/config/config.go:221.2,221.30 1 0
distributed-job-system/internal/config/config.go:221.30,223.3 1 0
distributed-job-system/internal/config/config.go:224.2,224.27 1 0
distributed-job-system/internal/config/config.go:224.27,226.3 1 0
distributed-job-system/internal/config/config.go:227.2,227.33 1 0
distributed-job-system/internal/config/config.go:227.33,229.3 1 0
distributed-job-system/internal/config/config.go:230.2,230.28 1 0
distributed-job-system/internal/config/config.go:230.28,232.3 1 0
distributed-job-system/internal/config/config.go:234.2,234.44 1 0
distributed-job-system/internal/config/config.go:234.44,236.3 1 0
distributed-job-system/internal/config/config.go:238.2,238.19 1 0
distributed-job-system/internal/config/config.go:238.19,240.3 1 0
distributed-job-system/internal/config/config.go:241.2,241.12 1 0
distributed-job-system/internal/config/config.go:244.45,245.27 1 0
distributed-job-system/internal/config/config.go:245.27,246.33 1 0
distributed-job-system/internal/config/config.go:246.33,248.4 1 0
distributed-job-system/internal/config/config.go:250.2,250.11 1 0
distributed-job-system/internal/handlers/dead_jobs.go:12.59,13.54 1 0
distributed-job-system/internal/handlers/dead_jobs.go:13.54,16.17 2 0
distributed-job-system/internal/handlers/dead_jobs.go:16.17,19.4 2 0
distributed-job-system/internal/handlers/dead_jobs.go:21.3,26.57 2 0
distributed-job-system/internal/handlers/dead_jobs.go:26.57,29.4 2 0
distributed-job-system/internal/handlers/dead_jobs.go:33.65,34.54 1 0
distributed-job-system/internal/handlers/dead_jobs.go:34.54,37.15 2 0
distributed-job-system/internal/handlers/dead_jobs.go:37.15,40.4 2 0
distributed-job-system/internal/handlers/dead_jobs.go:42.3,44.17 2 0
distributed-job-system/internal/handlers/dead_jobs.go:44.17,45.33 1 0
distributed-job-system/internal/handlers/dead_jobs.go:45.33,49.5 2 0
distributed-job-system/internal/handlers/dead_jobs.go:51.4,52.10 2 0
distributed-job-system/internal/handlers/dead_jobs.go:56.3,66.18 3 0
distributed-job-system/internal/handlers/dead_jobs.go:66.18,69.4 2 0
distributed-job-system/internal/handlers/health.go:22.39,23.54 1 0
distributed-job-system/internal/handlers/health.go:23.54,29.3 3 0
distributed-job-system/internal/handlers/health.go:33.57,34.54 1 0
distributed-job-system/internal/handlers/health.go:34.54,40.37 4 0
distributed-job-system/internal/handlers/health.go:40.37,47.4 3 0
distributed-job-system/internal/handlers/health.go:49.3,53.5 2 0
distributed-job-system/internal/handlers/jobs.go:11.58,13.54 1 0
distributed-job-system/internal/handlers/jobs.go:13.54,20.15 2 0
distributed-job-system/internal/handlers/jobs.go:20.15,29.4 2 0
distributed-job-system/internal/handlers/jobs.go:31.3,36.17 2 0
distributed-job-system/internal/handlers/jobs.go:36.17,45.4 2 0
distributed-job-system/internal/handlers/jobs.go:47.3,52.56 2 0
distributed-job-system/internal/handlers/jobs.go:52.56,55.4 2 0
distributed-job-system/internal/logger/logger.go:21.33,23.51 2 0
distributed-job-system/internal/logger/logger.go:24.15,25.24 1 0
distributed-job-system/internal/logger/logger.go:26.25,27.23 1 0
distributed-job-system/internal/logger/logger.go:28.15,29.24 1 0
distributed-job-system/internal/logger/logger.go:30.10,31.23 1 0
distributed-job-system/internal/logger/logger.go:34.2,37.52 3 0
distributed-job-system/internal/logger/logger.go:38.14,39.49 1 0
distributed-job-system/internal/logger/logger.go:40.10,41.49 1 0
distributed-job-system/internal/logger/logger.go:44.2,45.22 2 0
distributed-job-system/internal/logger/logger.go:49.52,50.16 1 1
distributed-job-system/internal/logger/logger.go:50.16,52.3 1 0
distributed-job-system/internal/logger/logger.go:54.2,56.62 2 1
distributed-job-system/internal/logger/logger.go:56.62,58.3 1 0
distributed-job-system/internal/logger/logger.go:59.2,59.58 1 1
distributed-job-system/internal/logger/logger.go:59.58,61.3 1 0
distributed-job-system/internal/logger/logger.go:62.2,62.47 1 1
distributed-job-system/internal/logger/logger.go:62.47,64.3 1 0
distributed-job-system/internal/logger/logger.go:66.2,66.61 1 1
distributed-job-system/internal/logger/logger.go:66.61,68.3 1 0
distributed-job-system/internal/logger/logger.go:70.2,70.20 1 1
distributed-job-system/internal/logger/logger.go:70.20,72.3 1 1
distributed-job-system/internal/logger/logger.go:73.2,73.26 1 0
distributed-job-system/internal/logger/logger.go:78.68,80.2 1 0
distributed-job-system/internal/logger/logger.go:82.64,84.2 1 0
distributed-job-system/internal/logger/logger.go:86.64,88.2 1 0
distributed-job-system/internal/logger/logger.go:90.51,91.51 1 0
distributed-job-system/internal/logger/logger.go:91.51,93.3 1 0
distributed-job-system/internal/logger/logger.go:94.2,94.11 1 0
distributed-job-system/internal/logger/logger.go:97.47,98.47 1 0
distributed-job-system/internal/logger/logger.go:98.47,100.3 1 0
distributed-job-system/internal/logger/logger.go:101.2,101.11 1 0
distributed-job-system/internal/metrics/metrics.go:154.13,177.2 1 0
distributed-job-system/internal/middleware/request_id.go:13.48,14.71 1 0
distributed-job-system/internal/middleware/request_id.go:14.71,16.15 2 0
distributed-job-system/internal/middleware/request_id.go:16.15,18.4 1 0
distributed-job-system/internal/middleware/request_id.go:20.3,30.40 4 0
distributed-job-system/internal/producer/handler.go:21.52,23.54 1 0
distributed-job-system/internal/producer/handler.go:23.54,28.62 4 0
distributed-job-system/internal/producer/handler.go:28.62,31.4 2 0
distributed-job-system/internal/producer/handler.go:33.3,49.48 3 0
distributed-job-system/internal/producer/handler.go:49.48,55.10 3 0
distributed-job-system/internal/producer/handler.go:57.3,59.45 2 0
distributed-job-system/internal/producer/handler.go:59.45,63.4 2 0
distributed-job-system/internal/producer/handler.go:65.3,70.18 2 0
distributed-job-system/internal/producer/handler.go:70.18,73.4 2 0
distributed-job-system/internal/queue/redis.go:185.81,186.15 1 0
distributed-job-system/internal/queue/redis.go:186.15,188.3 1 0
distributed-job-system/internal/queue/redis.go:189.2,189.63 1 0
distributed-job-system/internal/queue/redis.go:193.75,194.15 1 0
distributed-job-system/internal/queue/redis.go:194.15,196.3 1 0
distributed-job-system/internal/queue/redis.go:198.2,202.12 5 0
distributed-job-system/internal/queue/redis.go:205.54,207.2 1 0
distributed-job-system/internal/queue/redis.go:209.45,216.2 2 1
distributed-job-system/internal/queue/redis.go:218.68,221.16 2 1
distributed-job-system/internal/queue/redis.go:221.16,223.3 1 0
distributed-job-system/internal/queue/redis.go:225.2,225.48 1 1
distributed-job-system/internal/queue/redis.go:228.66,231.16 2 0
distributed-job-system/internal/queue/redis.go:231.16,233.3 1 0
distributed-job-system/internal/queue/redis.go:235.2,238.16 3 0
distributed-job-system/internal/queue/redis.go:238.16,240.3 1 0
distributed-job-system/internal/queue/redis.go:242.2,242.18 1 0
distributed-job-system/internal/queue/redis.go:245.71,248.16 2 1
distributed-job-system/internal/queue/redis.go:248.16,250.3 1 0
distributed-job-system/internal/queue/redis.go:252.2,256.22 1 1
distributed-job-system/internal/queue/redis.go:260.80,267.16 2 1
distributed-job-system/internal/queue/redis.go:267.16,269.3 1 0
distributed-job-system/internal/queue/redis.go:271.2,276.16 2 1
distributed-job-system/internal/queue/redis.go:276.16,279.3 1 0
distributed-job-system/internal/queue/redis.go:281.2,281.18 1 1
distributed-job-system/internal/queue/redis.go:284.84,287.16 2 0
distributed-job-system/internal/queue/redis.go:287.16,289.3 1 0
distributed-job-system/internal/queue/redis.go:291.2,295.9 1 0
distributed-job-system/internal/queue/redis.go:299.80,307.16 2 0
distributed-job-system/internal/queue/redis.go:307.16,309.3 1 0
distributed-job-system/internal/queue/redis.go:311.2,313.31 2 0
distributed-job-system/internal/queue/redis.go:313.31,316.61 2 0
distributed-job-system/internal/queue/redis.go:316.61,317.12 1 0
distributed-job-system/internal/queue/redis.go:320.3,320.35 1 0
distributed-job-system/internal/queue/redis.go:323.2,323.22 1 0
distributed-job-system/internal/queue/redis.go:326.87,327.14 1 0
distributed-job-system/internal/queue/redis.go:327.14,329.3 1 0
distributed-job-system/internal/queue/redis.go:331.2,332.16 2 0
distributed-job-system/internal/queue/redis.go:332.16,334.3 1 0
distributed-job-system/internal/queue/redis.go:336.2,337.31 2 0
distributed-job-system/internal/queue/redis.go:337.31,339.65 2 0
distributed-job-system/internal/queue/redis.go:339.65,340.12 1 0
distributed-job-system/internal/queue/redis.go:342.3,342.23 1 0
distributed-job-system/internal/queue/redis.go:342.23,344.9 2 0
distributed-job-system/internal/queue/redis.go:347.2,347.19 1 0
distributed-job-system/internal/queue/redis.go:347.19,349.3 1 0
distributed-job-system/internal/queue/redis.go:351.2,361.16 9 0
distributed-job-system/internal/queue/redis.go:361.16,363.3 1 0
distributed-job-system/internal/queue/redis.go:365.2,373.22 2 0
distributed-job-system/internal/queue/redis.go:373.22,375.3 1 0
distributed-job-system/internal/queue/redis.go:376.2,376.16 1 0
distributed-job-system/internal/queue/redis.go:376.16,378.3 1 0
distributed-job-system/internal/queue/redis.go:380.2,380.32 1 0
distributed-job-system/internal/queue/redis.go:380.32,382.3 1 0
distributed-job-system/internal/queue/redis.go:384.2,384.44 1 0
distributed-job-system/internal/queue/redis.go:384.44,386.3 1 0
distributed-job-system/internal/queue/redis.go:388.2,388.18 1 0
distributed-job-system/internal/queue/redis.go:391.101,394.16 2 1
distributed-job-system/internal/queue/redis.go:394.16,396.3 1 1
distributed-job-system/internal/queue/redis.go:398.2,400.64 2 1
distributed-job-system/internal/queue/redis.go:400.64,402.3 1 0
distributed-job-system/internal/queue/redis.go:404.2,414.16 3 1
distributed-job-system/internal/queue/redis.go:414.16,418.3 2 0
distributed-job-system/internal/queue/redis.go:420.2,420.18 1 1
distributed-job-system/internal/queue/redis.go:423.67,433.2 2 1
distributed-job-system/internal/queue/redis.go:435.105,447.2 3 1
distributed-job-system/internal/queue/redis.go:449.68,452.16 2 0
distributed-job-system/internal/queue/redis.go:452.16,454.3 1 0
distributed-job-system/internal/queue/redis.go:456.2,460.12 5 0
distributed-job-system/internal/queue/redis.go:463.68,473.16 3 0
distributed-job-system/internal/queue/redis.go:473.16,475.3 1 0
distributed-job-system/internal/queue/redis.go:476.2,477.25 2 0
distributed-job-system/internal/queue/redis.go:477.25,479.17 2 0
distributed-job-system/internal/queue/redis.go:479.17,481.12 2 0
distributed-job-system/internal/queue/redis.go:484.3,485.17 2 0
distributed-job-system/internal/queue/redis.go:485.17,486.12 1 0
distributed-job-system/internal/queue/redis.go:489.3,497.31 2 0
distributed-job-system/internal/queue/redis.go:497.31,499.4 1 0
distributed-job-system/internal/queue/redis.go:501.2,501.19 1 0
distributed-job-system/internal/queue/redis.go:504.93,507.44 2 1
distributed-job-system/internal/queue/redis.go:507.44,509.3 1 0
distributed-job-system/internal/queue/redis.go:511.2,519.12 2 1
distributed-job-system/internal/queue/redis.go:522.77,532.16 3 0
distributed-job-system/internal/queue/redis.go:532.16,534.3 1 0
distributed-job-system/internal/queue/redis.go:536.2,537.25 2 0
distributed-job-system/internal/queue/redis.go:537.25,539.17 2 0
distributed-job-system/internal/queue/redis.go:539.17,542.12 2 0
distributed-job-system/internal/queue/redis.go:545.3,548.17 3 0
distributed-job-system/internal/queue/redis.go:548.17,549.12 1 0
distributed-job-system/internal/queue/redis.go:552.3,562.31 3 0
distributed-job-system/internal/queue/redis.go:562.31,564.4 1 0
distributed-job-system/internal/queue/redis.go:567.2,567.24 1 0
distributed-job-system/internal/queue/redis.go:570.103,571.16 1 1
distributed-job-system/internal/queue/redis.go:571.16,573.3 1 0
distributed-job-system/internal/queue/redis.go:575.2,587.16 4 1
distributed-job-system/internal/queue/redis.go:587.16,589.3 1 0
distributed-job-system/internal/queue/redis.go:590.2,590.25 1 1
distributed-job-system/internal/queue/redis.go:594.84,598.2 3 1
distributed-job-system/internal/queue/redis.go:600.69,607.42 6 0
distributed-job-system/internal/queue/redis.go:607.42,609.3 1 0
distributed-job-system/internal/queue/redis.go:611.2,616.8 1 0
distributed-job-system/internal/retry/backoff.go:5.53,12.2 3 0
distributed-job-system/internal/worker/limits.go:13.46,14.56 1 1
distributed-job-system/internal/worker/limits.go:14.56,16.3 1 1
distributed-job-system/internal/worker/limits.go:17.2,17.31 1 1
distributed-job-system/internal/worker/limits.go:21.13,24.2 1 1
distributed-job-system/internal/worker/print_handler.go:13.72,27.16 6 1
distributed-job-system/internal/worker/print_handler.go:27.16,29.3 1 0
distributed-job-system/internal/worker/print_handler.go:31.2,35.12 2 1
distributed-job-system/internal/worker/registry.go:15.30,19.2 1 1
distributed-job-system/internal/worker/registry.go:21.65,23.20 1 1
distributed-job-system/internal/worker/registry.go:23.20,24.27 1 0
distributed-job-system/internal/worker/registry.go:27.2,27.46 1 1
distributed-job-system/internal/worker/registry.go:27.46,28.50 1 1
distributed-job-system/internal/worker/registry.go:31.2,31.31 1 1
distributed-job-system/internal/worker/registry.go:34.69,42.9 3 1
distributed-job-system/internal/worker/registry.go:42.9,45.3 2 1
distributed-job-system/internal/worker/registry.go:46.2,46.34 1 1
distributed-job-system/internal/worker/worker.go:22.69,29.2 1 1
distributed-job-system/internal/worker/worker.go:31.88,38.6 2 1
distributed-job-system/internal/worker/worker.go:38.6,40.10 1 1
distributed-job-system/internal/worker/worker.go:42.21,48.10 2 0
distributed-job-system/internal/worker/worker.go:50.11,53.18 2 1
distributed-job-system/internal/worker/worker.go:53.18,54.25 1 1
distributed-job-system/internal/worker/worker.go:54.25,60.6 2 1
distributed-job-system/internal/worker/worker.go:62.5,69.13 3 0
distributed-job-system/internal/worker/worker.go:72.4,79.59 7 1
distributed-job-system/internal/worker/worker.go:79.59,87.13 4 0
distributed-job-system/internal/worker/worker.go:90.4,94.18 4 1
distributed-job-system/internal/worker/worker.go:94.18,101.13 3 0
distributed-job-system/internal/worker/worker.go:104.4,104.17 1 1
distributed-job-system/internal/worker/worker.go:104.17,117.13 5 0
distributed-job-system/internal/worker/worker.go:121.4,121.17 1 1
distributed-job-system/internal/worker/worker.go:121.17,122.77 1 1
distributed-job-system/internal/worker/worker.go:122.77,128.6 1 1
distributed-job-system/internal/worker/worker.go:131.4,131.40 1 1
distributed-job-system/internal/worker/worker.go:131.40,136.19 3 0
distributed-job-system/internal/worker/worker.go:136.19,144.14 3 0
distributed-job-system/internal/worker/worker.go:147.5,147.18 1 0
distributed-job-system/internal/worker/worker.go:147.18,160.14 6 0
distributed-job-system/internal/worker/worker.go:164.4,173.20 7 1
distributed-job-system/internal/worker/worker.go:173.20,175.5 1 0
distributed-job-system/internal/worker/worker.go:177.4,177.22 1 1
distributed-job-system/internal/worker/worker.go:177.22,188.47 3 0
distributed-job-system/internal/worker/worker.go:188.47,212.70 10 0
distributed-job-system/internal/worker/worker.go:212.70,220.15 3 0
distributed-job-system/internal/worker/worker.go:223.6,223.14 1 0
distributed-job-system/internal/worker/worker.go:226.5,234.19 6 0
distributed-job-system/internal/worker/worker.go:234.19,241.6 2 0
distributed-job-system/internal/worker/worker.go:243.5,264.66 3 0
distributed-job-system/internal/worker/worker.go:264.66,271.6 1 0
distributed-job-system/internal/worker/worker.go:271.11,279.6 2 0
distributed-job-system/internal/worker/worker.go:280.5,281.13 2 0
distributed-job-system/internal/worker/worker.go:284.4,292.40 6 1
distributed-job-system/internal/worker/worker.go:292.40,294.63 2 0
distributed-job-system/internal/worker/worker.go:294.63,301.6 1 0
distributed-job-system/internal/worker/worker.go:304.4,304.58 1 1
distributed-job-system/internal/worker/worker.go:304.58,310.5 1 0
distributed-job-system/internal/worker/worker.go:312.4,317.5 1 1
distributed-job-system/internal/worker/worker.go:322.86,325.30 2 1
distributed-job-system/internal/worker/worker.go:325.30,327.3 1 1
distributed-job-system/internal/worker/worker.go:329.2,332.6 3 1
distributed-job-system/internal/worker/worker.go:332.6,333.10 1 1
distributed-job-system/internal/worker/worker.go:334.21,335.10 1 1
distributed-job-system/internal/worker/worker.go:336.19,337.72 1 0
distributed-job-system/internal/worker/worker.go:337.72,343.13 2 0
distributed-job-system/internal/worker/worker.go:345.4,349.5 2 0
distributed-job-system/internal/middleware/request_id.go:13.48,14.71 1 0
distributed-job-system/internal/middleware/request_id.go:14.71,16.15 2 0
distributed-job-system/internal/middleware/request_id.go:16.15,18.4 1 0
distributed-job-system/internal/middleware/request_id.go:20.3,30.40 4 0
